<?xml version="1.0" encoding="utf-8"?><testsuites><testsuite name="pytest" errors="0" failures="0" skipped="0" tests="720" time="2.629" timestamp="2023-07-31T15:00:39.399354" hostname="MacBookProM2.local"><testcase classname="tests.defaults_test" name="test_convert_to_list[None-expected0]" time="0.001" /><testcase classname="tests.defaults_test" name="test_convert_to_list[-expected1]" time="0.000" /><testcase classname="tests.defaults_test" name="test_convert_to_list[test, example-expected2]" time="0.000" /><testcase classname="tests.defaults_test" name="test_convert_to_list[test_case3-expected3]" time="0.000" /><testcase classname="tests.defaults_test" name="test_convert_to_list[  test ,  example  -expected4]" time="0.000" /><testcase classname="tests.defaults_test" name="test_convert_to_list[test,,example-expected5]" time="0.000" /><testcase classname="tests.defaults_test" name="test_convert_to_list[test_case6-expected6]" time="0.000" /><testcase classname="tests.defaults_test" name="test_convert_to_dict__return_empty_dict[-expected0-empty]" time="0.000" /><testcase classname="tests.defaults_test" name="test_convert_to_dict__return_empty_dict[-expected0-colon]" time="0.000" /><testcase classname="tests.defaults_test" name="test_convert_to_dict__return_empty_dict[-expected0-semicolon]" time="0.000" /><testcase classname="tests.defaults_test" name="test_convert_to_dict__return_empty_dict[:-expected1-empty]" time="0.000" /><testcase classname="tests.defaults_test" name="test_convert_to_dict__return_empty_dict[:-expected1-colon]" time="0.000" /><testcase classname="tests.defaults_test" name="test_convert_to_dict__return_empty_dict[:-expected1-semicolon]" time="0.000" /><testcase classname="tests.defaults_test" name="test_convert_to_dict__return_empty_dict[;-expected2-empty]" time="0.000" /><testcase classname="tests.defaults_test" name="test_convert_to_dict__return_empty_dict[;-expected2-colon]" time="0.000" /><testcase classname="tests.defaults_test" name="test_convert_to_dict__return_empty_dict[;-expected2-semicolon]" time="0.000" /><testcase classname="tests.defaults_test" name="test_convert_to_dict__return_empty_dict[ -expected3-empty]" time="0.000" /><testcase classname="tests.defaults_test" name="test_convert_to_dict__return_empty_dict[ -expected3-colon]" time="0.000" /><testcase classname="tests.defaults_test" name="test_convert_to_dict__return_empty_dict[ -expected3-semicolon]" time="0.000" /><testcase classname="tests.defaults_test" name="test_convert_to_dict__return_empty_dict[None-expected4-empty]" time="0.000" /><testcase classname="tests.defaults_test" name="test_convert_to_dict__return_empty_dict[None-expected4-colon]" time="0.000" /><testcase classname="tests.defaults_test" name="test_convert_to_dict__return_empty_dict[None-expected4-semicolon]" time="0.000" /><testcase classname="tests.defaults_test" name="test_convert_to_dict[test:example-:-expected0]" time="0.000" /><testcase classname="tests.defaults_test" name="test_convert_to_dict[test:-:-expected1]" time="0.000" /><testcase classname="tests.defaults_test" name="test_convert_to_dict[test-:-expected2]" time="0.000" /><testcase classname="tests.defaults_test" name="test_convert_to_dict[test:a,b-:-expected3]" time="0.000" /><testcase classname="tests.defaults_test" name="test_convert_to_dict[test:a,b,-:-expected4]" time="0.000" /><testcase classname="tests.defaults_test" name="test_convert_to_dict[test:,a,b-:-expected5]" time="0.000" /><testcase classname="tests.defaults_test" name="test_convert_to_dict[test:,a,b,-:-expected6]" time="0.000" /><testcase classname="tests.defaults_test" name="test_convert_to_dict[test:,a,b,,-:-expected7]" time="0.000" /><testcase classname="tests.defaults_test" name="test_convert_to_dict[test:a,b,c-:-expected8]" time="0.000" /><testcase classname="tests.defaults_test" name="test_convert_to_dict[test: a , b , c -:-expected9]" time="0.000" /><testcase classname="tests.defaults_test" name="test_convert_to_dict[test;example-;-expected10]" time="0.000" /><testcase classname="tests.defaults_test" name="test_convert_to_dict[test;-;-expected11]" time="0.000" /><testcase classname="tests.defaults_test" name="test_convert_to_dict[test-;-expected12]" time="0.000" /><testcase classname="tests.defaults_test" name="test_convert_to_dict[test;a,b-;-expected13]" time="0.000" /><testcase classname="tests.defaults_test" name="test_convert_to_dict[test;a,b,-;-expected14]" time="0.000" /><testcase classname="tests.defaults_test" name="test_convert_to_dict[test;,a,b-;-expected15]" time="0.000" /><testcase classname="tests.defaults_test" name="test_convert_to_dict[test;,a,b,-;-expected16]" time="0.000" /><testcase classname="tests.defaults_test" name="test_convert_to_dict[test;,a,b,,-;-expected17]" time="0.000" /><testcase classname="tests.defaults_test" name="test_convert_to_dict[test;a,b,c-;-expected18]" time="0.000" /><testcase classname="tests.defaults_test" name="test_convert_to_dict[test; a , b , c -;-expected19]" time="0.000" /><testcase classname="tests.flake8_plugin_test" name="test_parsing[--base-packages=my_base_module-BASE_PACKAGES-expected0]" time="0.003" /><testcase classname="tests.flake8_plugin_test" name="test_parsing[--base-packages=my_base_module,second_base_module-BASE_PACKAGES-expected1]" time="0.003" /><testcase classname="tests.flake8_plugin_test" name="test_parsing[--import-restrictions=my_base_package.package_A:my_base_package.package_B,my_base_package/module_X.py:my_base_package/module_Y.py-IMPORT_RESTRICTIONS-expected2]" time="0.003" /><testcase classname="tests.flake8_plugin_test" name="test_parsing[--import-restrictions=my_base_package.package_A:my_base_package.package_B:my_base_package.package_C,my_base_package/module_X.py:my_base_package/module_Y.py-IMPORT_RESTRICTIONS-expected3]" time="0.003" /><testcase classname="tests.flake8_plugin_test" name="test_parsing[--import-restrictions=my_base_package.package_A:my_base_package.package_B:my_base_package.package_C,my_base_package/module_X.py:my_base_package/module_Y.py:my_base_package/module_Z.py-IMPORT_RESTRICTIONS-expected4]" time="0.003" /><testcase classname="tests.flake8_plugin_test" name="test_parsing[--import-restrictions=my_base_package.package_A:my_base_package.package_B:my_base_package.package_C,my_base_package/module_X.py:my_base_package/module_Y.py,my_base_package.package_A:my_base_package.package_D-IMPORT_RESTRICTIONS-expected5]" time="0.003" /><testcase classname="tests.flake8_plugin_test" name="test_linter" time="0.004" /><testcase classname="tests.codes.error_codes_test" name="test_get_error_codes" time="0.000" /><testcase classname="tests.codes.error_codes_test" name="test_get_all_project_import_rule_codes" time="0.000" /><testcase classname="tests.codes.error_codes_test" name="test_get_all_custom_import_rule_codes" time="0.000" /><testcase classname="tests.codes.error_codes_test" name="test_get_error_code__errors[1]" time="0.000" /><testcase classname="tests.codes.error_codes_test" name="test_get_error_code__errors[2.0]" time="0.000" /><testcase classname="tests.codes.error_codes_test" name="test_get_error_code__errors[True]" time="0.000" /><testcase classname="tests.codes.error_codes_test" name="test_get_error_code__errors[False]" time="0.000" /><testcase classname="tests.codes.error_codes_test" name="test_get_error_code__errors[None]" time="0.000" /><testcase classname="tests.codes.error_codes_test" name="test_get_error_code__errors[other_types5]" time="0.000" /><testcase classname="tests.codes.error_codes_test" name="test_get_error_code__errors[other_types6]" time="0.000" /><testcase classname="tests.codes.error_codes_test" name="test_get_error_code__errors[other_types7]" time="0.000" /><testcase classname="tests.codes.error_codes_test" name="test_get_error_code__errors[other_types8]" time="0.000" /><testcase classname="tests.codes.error_codes_test" name="test_get_error_code__str[PIR101]" time="0.000" /><testcase classname="tests.codes.error_codes_test" name="test_get_error_code__str[PIR102]" time="0.000" /><testcase classname="tests.codes.error_codes_test" name="test_get_error_code__str[PIR103]" time="0.000" /><testcase classname="tests.codes.error_codes_test" name="test_get_error_code__str[PIR104]" time="0.000" /><testcase classname="tests.codes.error_codes_test" name="test_get_error_code__str[PIR105]" time="0.000" /><testcase classname="tests.codes.error_codes_test" name="test_get_error_code__str[PIR106]" time="0.000" /><testcase classname="tests.codes.error_codes_test" name="test_get_error_code__str[PIR107]" time="0.000" /><testcase classname="tests.codes.error_codes_test" name="test_get_error_code__str[PIR108]" time="0.000" /><testcase classname="tests.codes.error_codes_test" name="test_get_error_code__str[PIR109]" time="0.000" /><testcase classname="tests.codes.error_codes_test" name="test_get_error_code__str[PIR201]" time="0.000" /><testcase classname="tests.codes.error_codes_test" name="test_get_error_code__str[PIR202]" time="0.000" /><testcase classname="tests.codes.error_codes_test" name="test_get_error_code__str[PIR203]" time="0.000" /><testcase classname="tests.codes.error_codes_test" name="test_get_error_code__str[PIR204]" time="0.000" /><testcase classname="tests.codes.error_codes_test" name="test_get_error_code__str[PIR205]" time="0.000" /><testcase classname="tests.codes.error_codes_test" name="test_get_error_code__str[PIR206]" time="0.000" /><testcase classname="tests.codes.error_codes_test" name="test_get_error_code__str[PIR207]" time="0.000" /><testcase classname="tests.codes.error_codes_test" name="test_get_error_code__str[PIR208]" time="0.000" /><testcase classname="tests.codes.error_codes_test" name="test_get_error_code__str[PIR209]" time="0.000" /><testcase classname="tests.codes.error_codes_test" name="test_get_error_code__str[PIR210]" time="0.000" /><testcase classname="tests.codes.error_codes_test" name="test_get_error_code__str[PIR301]" time="0.000" /><testcase classname="tests.codes.error_codes_test" name="test_get_error_code__str[PIR302]" time="0.000" /><testcase classname="tests.codes.error_codes_test" name="test_get_error_code__str[CIR101]" time="0.000" /><testcase classname="tests.codes.error_codes_test" name="test_get_error_code__str[CIR102]" time="0.000" /><testcase classname="tests.codes.error_codes_test" name="test_get_error_code__str[CIR103]" time="0.000" /><testcase classname="tests.codes.error_codes_test" name="test_get_error_code__str[CIR104]" time="0.000" /><testcase classname="tests.codes.error_codes_test" name="test_get_error_code__str[CIR105]" time="0.000" /><testcase classname="tests.codes.error_codes_test" name="test_get_error_code__str[CIR106]" time="0.000" /><testcase classname="tests.codes.error_codes_test" name="test_get_error_code__str[CIR107]" time="0.000" /><testcase classname="tests.codes.error_codes_test" name="test_get_error_code__str[CIR201]" time="0.000" /><testcase classname="tests.codes.error_codes_test" name="test_get_error_code__str[CIR202]" time="0.000" /><testcase classname="tests.codes.error_codes_test" name="test_get_error_code__str[CIR203]" time="0.000" /><testcase classname="tests.codes.error_codes_test" name="test_get_error_code__str[CIR204]" time="0.000" /><testcase classname="tests.codes.error_codes_test" name="test_get_error_code__str[CIR205]" time="0.000" /><testcase classname="tests.codes.error_codes_test" name="test_get_error_code__str[CIR206]" time="0.000" /><testcase classname="tests.codes.error_codes_test" name="test_get_error_code__str[CIR301]" time="0.000" /><testcase classname="tests.codes.error_codes_test" name="test_get_error_code__str[CIR302]" time="0.000" /><testcase classname="tests.codes.error_codes_test" name="test_get_error_code__str[CIR303]" time="0.000" /><testcase classname="tests.codes.error_codes_test" name="test_get_error_code__str[CIR304]" time="0.000" /><testcase classname="tests.codes.error_codes_test" name="test_get_error_code__str[CIR401]" time="0.000" /><testcase classname="tests.codes.error_codes_test" name="test_get_error_code__str[CIR402]" time="0.000" /><testcase classname="tests.codes.error_codes_test" name="test_get_error_code__str[CIR501]" time="0.000" /><testcase classname="tests.codes.error_codes_test" name="test_get_error_code__str[CIR502]" time="0.000" /><testcase classname="tests.codes.error_codes_test" name="test_get_error_code__str_error[some_string]" time="0.000" /><testcase classname="tests.codes.error_codes_test" name="test_get_error_code__str_error[]" time="0.000" /><testcase classname="tests.codes.error_codes_test" name="test_get_error_code__str_error[PIR9999]" time="0.000" /><testcase classname="tests.codes.error_codes_test" name="test_get_error_code__str_error[CIR9999]" time="0.000" /><testcase classname="tests.codes.error_codes_test" name="test_get_error_code__enum[ErrorCode.PIR101]" time="0.000" /><testcase classname="tests.codes.error_codes_test" name="test_get_error_code__enum[ErrorCode.PIR102]" time="0.000" /><testcase classname="tests.codes.error_codes_test" name="test_get_error_code__enum[ErrorCode.PIR103]" time="0.000" /><testcase classname="tests.codes.error_codes_test" name="test_get_error_code__enum[ErrorCode.PIR104]" time="0.000" /><testcase classname="tests.codes.error_codes_test" name="test_get_error_code__enum[ErrorCode.PIR105]" time="0.000" /><testcase classname="tests.codes.error_codes_test" name="test_get_error_code__enum[ErrorCode.PIR106]" time="0.000" /><testcase classname="tests.codes.error_codes_test" name="test_get_error_code__enum[ErrorCode.PIR107]" time="0.000" /><testcase classname="tests.codes.error_codes_test" name="test_get_error_code__enum[ErrorCode.PIR108]" time="0.000" /><testcase classname="tests.codes.error_codes_test" name="test_get_error_code__enum[ErrorCode.PIR109]" time="0.000" /><testcase classname="tests.codes.error_codes_test" name="test_get_error_code__enum[ErrorCode.PIR201]" time="0.000" /><testcase classname="tests.codes.error_codes_test" name="test_get_error_code__enum[ErrorCode.PIR202]" time="0.000" /><testcase classname="tests.codes.error_codes_test" name="test_get_error_code__enum[ErrorCode.PIR203]" time="0.000" /><testcase classname="tests.codes.error_codes_test" name="test_get_error_code__enum[ErrorCode.PIR204]" time="0.000" /><testcase classname="tests.codes.error_codes_test" name="test_get_error_code__enum[ErrorCode.PIR205]" time="0.000" /><testcase classname="tests.codes.error_codes_test" name="test_get_error_code__enum[ErrorCode.PIR206]" time="0.000" /><testcase classname="tests.codes.error_codes_test" name="test_get_error_code__enum[ErrorCode.PIR207]" time="0.000" /><testcase classname="tests.codes.error_codes_test" name="test_get_error_code__enum[ErrorCode.PIR208]" time="0.000" /><testcase classname="tests.codes.error_codes_test" name="test_get_error_code__enum[ErrorCode.PIR209]" time="0.000" /><testcase classname="tests.codes.error_codes_test" name="test_get_error_code__enum[ErrorCode.PIR210]" time="0.000" /><testcase classname="tests.codes.error_codes_test" name="test_get_error_code__enum[ErrorCode.PIR301]" time="0.000" /><testcase classname="tests.codes.error_codes_test" name="test_get_error_code__enum[ErrorCode.PIR302]" time="0.000" /><testcase classname="tests.codes.error_codes_test" name="test_get_error_code__enum[ErrorCode.CIR101]" time="0.000" /><testcase classname="tests.codes.error_codes_test" name="test_get_error_code__enum[ErrorCode.CIR102]" time="0.000" /><testcase classname="tests.codes.error_codes_test" name="test_get_error_code__enum[ErrorCode.CIR103]" time="0.000" /><testcase classname="tests.codes.error_codes_test" name="test_get_error_code__enum[ErrorCode.CIR104]" time="0.000" /><testcase classname="tests.codes.error_codes_test" name="test_get_error_code__enum[ErrorCode.CIR105]" time="0.000" /><testcase classname="tests.codes.error_codes_test" name="test_get_error_code__enum[ErrorCode.CIR106]" time="0.000" /><testcase classname="tests.codes.error_codes_test" name="test_get_error_code__enum[ErrorCode.CIR107]" time="0.000" /><testcase classname="tests.codes.error_codes_test" name="test_get_error_code__enum[ErrorCode.CIR201]" time="0.000" /><testcase classname="tests.codes.error_codes_test" name="test_get_error_code__enum[ErrorCode.CIR202]" time="0.000" /><testcase classname="tests.codes.error_codes_test" name="test_get_error_code__enum[ErrorCode.CIR203]" time="0.000" /><testcase classname="tests.codes.error_codes_test" name="test_get_error_code__enum[ErrorCode.CIR204]" time="0.000" /><testcase classname="tests.codes.error_codes_test" name="test_get_error_code__enum[ErrorCode.CIR205]" time="0.000" /><testcase classname="tests.codes.error_codes_test" name="test_get_error_code__enum[ErrorCode.CIR206]" time="0.000" /><testcase classname="tests.codes.error_codes_test" name="test_get_error_code__enum[ErrorCode.CIR301]" time="0.000" /><testcase classname="tests.codes.error_codes_test" name="test_get_error_code__enum[ErrorCode.CIR302]" time="0.000" /><testcase classname="tests.codes.error_codes_test" name="test_get_error_code__enum[ErrorCode.CIR303]" time="0.000" /><testcase classname="tests.codes.error_codes_test" name="test_get_error_code__enum[ErrorCode.CIR304]" time="0.000" /><testcase classname="tests.codes.error_codes_test" name="test_get_error_code__enum[ErrorCode.CIR401]" time="0.000" /><testcase classname="tests.codes.error_codes_test" name="test_get_error_code__enum[ErrorCode.CIR402]" time="0.000" /><testcase classname="tests.codes.error_codes_test" name="test_get_error_code__enum[ErrorCode.CIR501]" time="0.000" /><testcase classname="tests.codes.error_codes_test" name="test_get_error_code__enum[ErrorCode.CIR502]" time="0.000" /><testcase classname="tests.codes.error_codes_test" name="test_get_error_message__errors[1]" time="0.000" /><testcase classname="tests.codes.error_codes_test" name="test_get_error_message__errors[2.0]" time="0.000" /><testcase classname="tests.codes.error_codes_test" name="test_get_error_message__errors[True]" time="0.000" /><testcase classname="tests.codes.error_codes_test" name="test_get_error_message__errors[False]" time="0.000" /><testcase classname="tests.codes.error_codes_test" name="test_get_error_message__errors[None]" time="0.000" /><testcase classname="tests.codes.error_codes_test" name="test_get_error_message__errors[other_types5]" time="0.000" /><testcase classname="tests.codes.error_codes_test" name="test_get_error_message__errors[other_types6]" time="0.000" /><testcase classname="tests.codes.error_codes_test" name="test_get_error_message__errors[other_types7]" time="0.000" /><testcase classname="tests.codes.error_codes_test" name="test_get_error_message__errors[other_types8]" time="0.000" /><testcase classname="tests.codes.error_codes_test" name="test_get_error_code_message__str_error[some_string]" time="0.000" /><testcase classname="tests.codes.error_codes_test" name="test_get_error_code_message__str_error[]" time="0.000" /><testcase classname="tests.codes.error_codes_test" name="test_get_error_code_message__str_error[PIR9999]" time="0.000" /><testcase classname="tests.codes.error_codes_test" name="test_get_error_code_message__str_error[CIR9999]" time="0.000" /><testcase classname="tests.codes.error_codes_test" name="test_get_error_code_message__str[PIR101-ErrorCode.PIR101]" time="0.000" /><testcase classname="tests.codes.error_codes_test" name="test_get_error_code_message__str[PIR102-ErrorCode.PIR102]" time="0.000" /><testcase classname="tests.codes.error_codes_test" name="test_get_error_code_message__str[PIR103-ErrorCode.PIR103]" time="0.000" /><testcase classname="tests.codes.error_codes_test" name="test_get_error_code_message__str[PIR104-ErrorCode.PIR104]" time="0.000" /><testcase classname="tests.codes.error_codes_test" name="test_get_error_code_message__str[PIR105-ErrorCode.PIR105]" time="0.000" /><testcase classname="tests.codes.error_codes_test" name="test_get_error_code_message__str[PIR106-ErrorCode.PIR106]" time="0.000" /><testcase classname="tests.codes.error_codes_test" name="test_get_error_code_message__str[PIR107-ErrorCode.PIR107]" time="0.000" /><testcase classname="tests.codes.error_codes_test" name="test_get_error_code_message__str[PIR108-ErrorCode.PIR108]" time="0.000" /><testcase classname="tests.codes.error_codes_test" name="test_get_error_code_message__str[PIR109-ErrorCode.PIR109]" time="0.000" /><testcase classname="tests.codes.error_codes_test" name="test_get_error_code_message__str[PIR201-ErrorCode.PIR201]" time="0.000" /><testcase classname="tests.codes.error_codes_test" name="test_get_error_code_message__str[PIR202-ErrorCode.PIR202]" time="0.000" /><testcase classname="tests.codes.error_codes_test" name="test_get_error_code_message__str[PIR203-ErrorCode.PIR203]" time="0.000" /><testcase classname="tests.codes.error_codes_test" name="test_get_error_code_message__str[PIR204-ErrorCode.PIR204]" time="0.000" /><testcase classname="tests.codes.error_codes_test" name="test_get_error_code_message__str[PIR205-ErrorCode.PIR205]" time="0.000" /><testcase classname="tests.codes.error_codes_test" name="test_get_error_code_message__str[PIR206-ErrorCode.PIR206]" time="0.000" /><testcase classname="tests.codes.error_codes_test" name="test_get_error_code_message__str[PIR207-ErrorCode.PIR207]" time="0.000" /><testcase classname="tests.codes.error_codes_test" name="test_get_error_code_message__str[PIR208-ErrorCode.PIR208]" time="0.000" /><testcase classname="tests.codes.error_codes_test" name="test_get_error_code_message__str[PIR209-ErrorCode.PIR209]" time="0.000" /><testcase classname="tests.codes.error_codes_test" name="test_get_error_code_message__str[PIR210-ErrorCode.PIR210]" time="0.000" /><testcase classname="tests.codes.error_codes_test" name="test_get_error_code_message__str[PIR301-ErrorCode.PIR301]" time="0.000" /><testcase classname="tests.codes.error_codes_test" name="test_get_error_code_message__str[PIR302-ErrorCode.PIR302]" time="0.000" /><testcase classname="tests.codes.error_codes_test" name="test_get_error_code_message__str[CIR101-ErrorCode.CIR101]" time="0.000" /><testcase classname="tests.codes.error_codes_test" name="test_get_error_code_message__str[CIR102-ErrorCode.CIR102]" time="0.000" /><testcase classname="tests.codes.error_codes_test" name="test_get_error_code_message__str[CIR103-ErrorCode.CIR103]" time="0.000" /><testcase classname="tests.codes.error_codes_test" name="test_get_error_code_message__str[CIR104-ErrorCode.CIR104]" time="0.000" /><testcase classname="tests.codes.error_codes_test" name="test_get_error_code_message__str[CIR105-ErrorCode.CIR105]" time="0.000" /><testcase classname="tests.codes.error_codes_test" name="test_get_error_code_message__str[CIR106-ErrorCode.CIR106]" time="0.000" /><testcase classname="tests.codes.error_codes_test" name="test_get_error_code_message__str[CIR107-ErrorCode.CIR107]" time="0.000" /><testcase classname="tests.codes.error_codes_test" name="test_get_error_code_message__str[CIR201-ErrorCode.CIR201]" time="0.000" /><testcase classname="tests.codes.error_codes_test" name="test_get_error_code_message__str[CIR202-ErrorCode.CIR202]" time="0.000" /><testcase classname="tests.codes.error_codes_test" name="test_get_error_code_message__str[CIR203-ErrorCode.CIR203]" time="0.000" /><testcase classname="tests.codes.error_codes_test" name="test_get_error_code_message__str[CIR204-ErrorCode.CIR204]" time="0.000" /><testcase classname="tests.codes.error_codes_test" name="test_get_error_code_message__str[CIR205-ErrorCode.CIR205]" time="0.000" /><testcase classname="tests.codes.error_codes_test" name="test_get_error_code_message__str[CIR206-ErrorCode.CIR206]" time="0.000" /><testcase classname="tests.codes.error_codes_test" name="test_get_error_code_message__str[CIR301-ErrorCode.CIR301]" time="0.000" /><testcase classname="tests.codes.error_codes_test" name="test_get_error_code_message__str[CIR302-ErrorCode.CIR302]" time="0.000" /><testcase classname="tests.codes.error_codes_test" name="test_get_error_code_message__str[CIR303-ErrorCode.CIR303]" time="0.000" /><testcase classname="tests.codes.error_codes_test" name="test_get_error_code_message__str[CIR304-ErrorCode.CIR304]" time="0.000" /><testcase classname="tests.codes.error_codes_test" name="test_get_error_code_message__str[CIR401-ErrorCode.CIR401]" time="0.001" /><testcase classname="tests.codes.error_codes_test" name="test_get_error_code_message__str[CIR402-ErrorCode.CIR402]" time="0.000" /><testcase classname="tests.codes.error_codes_test" name="test_get_error_code_message__str[CIR501-ErrorCode.CIR501]" time="0.000" /><testcase classname="tests.codes.error_codes_test" name="test_get_error_code_message__str[CIR502-ErrorCode.CIR502]" time="0.000" /><testcase classname="tests.codes.error_codes_test" name="test_get_error_code_message__enum[ErrorCode.PIR101]" time="0.000" /><testcase classname="tests.codes.error_codes_test" name="test_get_error_code_message__enum[ErrorCode.PIR102]" time="0.000" /><testcase classname="tests.codes.error_codes_test" name="test_get_error_code_message__enum[ErrorCode.PIR103]" time="0.000" /><testcase classname="tests.codes.error_codes_test" name="test_get_error_code_message__enum[ErrorCode.PIR104]" time="0.000" /><testcase classname="tests.codes.error_codes_test" name="test_get_error_code_message__enum[ErrorCode.PIR105]" time="0.000" /><testcase classname="tests.codes.error_codes_test" name="test_get_error_code_message__enum[ErrorCode.PIR106]" time="0.000" /><testcase classname="tests.codes.error_codes_test" name="test_get_error_code_message__enum[ErrorCode.PIR107]" time="0.000" /><testcase classname="tests.codes.error_codes_test" name="test_get_error_code_message__enum[ErrorCode.PIR108]" time="0.000" /><testcase classname="tests.codes.error_codes_test" name="test_get_error_code_message__enum[ErrorCode.PIR109]" time="0.000" /><testcase classname="tests.codes.error_codes_test" name="test_get_error_code_message__enum[ErrorCode.PIR201]" time="0.001" /><testcase classname="tests.codes.error_codes_test" name="test_get_error_code_message__enum[ErrorCode.PIR202]" time="0.000" /><testcase classname="tests.codes.error_codes_test" name="test_get_error_code_message__enum[ErrorCode.PIR203]" time="0.000" /><testcase classname="tests.codes.error_codes_test" name="test_get_error_code_message__enum[ErrorCode.PIR204]" time="0.000" /><testcase classname="tests.codes.error_codes_test" name="test_get_error_code_message__enum[ErrorCode.PIR205]" time="0.000" /><testcase classname="tests.codes.error_codes_test" name="test_get_error_code_message__enum[ErrorCode.PIR206]" time="0.000" /><testcase classname="tests.codes.error_codes_test" name="test_get_error_code_message__enum[ErrorCode.PIR207]" time="0.000" /><testcase classname="tests.codes.error_codes_test" name="test_get_error_code_message__enum[ErrorCode.PIR208]" time="0.000" /><testcase classname="tests.codes.error_codes_test" name="test_get_error_code_message__enum[ErrorCode.PIR209]" time="0.000" /><testcase classname="tests.codes.error_codes_test" name="test_get_error_code_message__enum[ErrorCode.PIR210]" time="0.000" /><testcase classname="tests.codes.error_codes_test" name="test_get_error_code_message__enum[ErrorCode.PIR301]" time="0.000" /><testcase classname="tests.codes.error_codes_test" name="test_get_error_code_message__enum[ErrorCode.PIR302]" time="0.000" /><testcase classname="tests.codes.error_codes_test" name="test_get_error_code_message__enum[ErrorCode.CIR101]" time="0.000" /><testcase classname="tests.codes.error_codes_test" name="test_get_error_code_message__enum[ErrorCode.CIR102]" time="0.000" /><testcase classname="tests.codes.error_codes_test" name="test_get_error_code_message__enum[ErrorCode.CIR103]" time="0.000" /><testcase classname="tests.codes.error_codes_test" name="test_get_error_code_message__enum[ErrorCode.CIR104]" time="0.000" /><testcase classname="tests.codes.error_codes_test" name="test_get_error_code_message__enum[ErrorCode.CIR105]" time="0.000" /><testcase classname="tests.codes.error_codes_test" name="test_get_error_code_message__enum[ErrorCode.CIR106]" time="0.000" /><testcase classname="tests.codes.error_codes_test" name="test_get_error_code_message__enum[ErrorCode.CIR107]" time="0.000" /><testcase classname="tests.codes.error_codes_test" name="test_get_error_code_message__enum[ErrorCode.CIR201]" time="0.000" /><testcase classname="tests.codes.error_codes_test" name="test_get_error_code_message__enum[ErrorCode.CIR202]" time="0.000" /><testcase classname="tests.codes.error_codes_test" name="test_get_error_code_message__enum[ErrorCode.CIR203]" time="0.000" /><testcase classname="tests.codes.error_codes_test" name="test_get_error_code_message__enum[ErrorCode.CIR204]" time="0.000" /><testcase classname="tests.codes.error_codes_test" name="test_get_error_code_message__enum[ErrorCode.CIR205]" time="0.000" /><testcase classname="tests.codes.error_codes_test" name="test_get_error_code_message__enum[ErrorCode.CIR206]" time="0.000" /><testcase classname="tests.codes.error_codes_test" name="test_get_error_code_message__enum[ErrorCode.CIR301]" time="0.000" /><testcase classname="tests.codes.error_codes_test" name="test_get_error_code_message__enum[ErrorCode.CIR302]" time="0.000" /><testcase classname="tests.codes.error_codes_test" name="test_get_error_code_message__enum[ErrorCode.CIR303]" time="0.000" /><testcase classname="tests.codes.error_codes_test" name="test_get_error_code_message__enum[ErrorCode.CIR304]" time="0.000" /><testcase classname="tests.codes.error_codes_test" name="test_get_error_code_message__enum[ErrorCode.CIR401]" time="0.000" /><testcase classname="tests.codes.error_codes_test" name="test_get_error_code_message__enum[ErrorCode.CIR402]" time="0.000" /><testcase classname="tests.codes.error_codes_test" name="test_get_error_code_message__enum[ErrorCode.CIR501]" time="0.000" /><testcase classname="tests.codes.error_codes_test" name="test_get_error_code_message__enum[ErrorCode.CIR502]" time="0.000" /><testcase classname="tests.codes.error_codes_test" name="test_can_instantiate_using_error_code__str[PIR101]" time="0.000" /><testcase classname="tests.codes.error_codes_test" name="test_can_instantiate_using_error_code__str[PIR102]" time="0.000" /><testcase classname="tests.codes.error_codes_test" name="test_can_instantiate_using_error_code__str[PIR103]" time="0.000" /><testcase classname="tests.codes.error_codes_test" name="test_can_instantiate_using_error_code__str[PIR104]" time="0.000" /><testcase classname="tests.codes.error_codes_test" name="test_can_instantiate_using_error_code__str[PIR105]" time="0.000" /><testcase classname="tests.codes.error_codes_test" name="test_can_instantiate_using_error_code__str[PIR106]" time="0.000" /><testcase classname="tests.codes.error_codes_test" name="test_can_instantiate_using_error_code__str[PIR107]" time="0.000" /><testcase classname="tests.codes.error_codes_test" name="test_can_instantiate_using_error_code__str[PIR108]" time="0.000" /><testcase classname="tests.codes.error_codes_test" name="test_can_instantiate_using_error_code__str[PIR109]" time="0.000" /><testcase classname="tests.codes.error_codes_test" name="test_can_instantiate_using_error_code__str[PIR201]" time="0.000" /><testcase classname="tests.codes.error_codes_test" name="test_can_instantiate_using_error_code__str[PIR202]" time="0.000" /><testcase classname="tests.codes.error_codes_test" name="test_can_instantiate_using_error_code__str[PIR203]" time="0.000" /><testcase classname="tests.codes.error_codes_test" name="test_can_instantiate_using_error_code__str[PIR204]" time="0.000" /><testcase classname="tests.codes.error_codes_test" name="test_can_instantiate_using_error_code__str[PIR205]" time="0.000" /><testcase classname="tests.codes.error_codes_test" name="test_can_instantiate_using_error_code__str[PIR206]" time="0.000" /><testcase classname="tests.codes.error_codes_test" name="test_can_instantiate_using_error_code__str[PIR207]" time="0.000" /><testcase classname="tests.codes.error_codes_test" name="test_can_instantiate_using_error_code__str[PIR208]" time="0.000" /><testcase classname="tests.codes.error_codes_test" name="test_can_instantiate_using_error_code__str[PIR209]" time="0.000" /><testcase classname="tests.codes.error_codes_test" name="test_can_instantiate_using_error_code__str[PIR210]" time="0.000" /><testcase classname="tests.codes.error_codes_test" name="test_can_instantiate_using_error_code__str[PIR301]" time="0.000" /><testcase classname="tests.codes.error_codes_test" name="test_can_instantiate_using_error_code__str[PIR302]" time="0.000" /><testcase classname="tests.codes.error_codes_test" name="test_can_instantiate_using_error_code__str[CIR101]" time="0.000" /><testcase classname="tests.codes.error_codes_test" name="test_can_instantiate_using_error_code__str[CIR102]" time="0.000" /><testcase classname="tests.codes.error_codes_test" name="test_can_instantiate_using_error_code__str[CIR103]" time="0.000" /><testcase classname="tests.codes.error_codes_test" name="test_can_instantiate_using_error_code__str[CIR104]" time="0.000" /><testcase classname="tests.codes.error_codes_test" name="test_can_instantiate_using_error_code__str[CIR105]" time="0.000" /><testcase classname="tests.codes.error_codes_test" name="test_can_instantiate_using_error_code__str[CIR106]" time="0.000" /><testcase classname="tests.codes.error_codes_test" name="test_can_instantiate_using_error_code__str[CIR107]" time="0.000" /><testcase classname="tests.codes.error_codes_test" name="test_can_instantiate_using_error_code__str[CIR201]" time="0.000" /><testcase classname="tests.codes.error_codes_test" name="test_can_instantiate_using_error_code__str[CIR202]" time="0.000" /><testcase classname="tests.codes.error_codes_test" name="test_can_instantiate_using_error_code__str[CIR203]" time="0.000" /><testcase classname="tests.codes.error_codes_test" name="test_can_instantiate_using_error_code__str[CIR204]" time="0.000" /><testcase classname="tests.codes.error_codes_test" name="test_can_instantiate_using_error_code__str[CIR205]" time="0.000" /><testcase classname="tests.codes.error_codes_test" name="test_can_instantiate_using_error_code__str[CIR206]" time="0.000" /><testcase classname="tests.codes.error_codes_test" name="test_can_instantiate_using_error_code__str[CIR301]" time="0.000" /><testcase classname="tests.codes.error_codes_test" name="test_can_instantiate_using_error_code__str[CIR302]" time="0.000" /><testcase classname="tests.codes.error_codes_test" name="test_can_instantiate_using_error_code__str[CIR303]" time="0.000" /><testcase classname="tests.codes.error_codes_test" name="test_can_instantiate_using_error_code__str[CIR304]" time="0.000" /><testcase classname="tests.codes.error_codes_test" name="test_can_instantiate_using_error_code__str[CIR401]" time="0.000" /><testcase classname="tests.codes.error_codes_test" name="test_can_instantiate_using_error_code__str[CIR402]" time="0.000" /><testcase classname="tests.codes.error_codes_test" name="test_can_instantiate_using_error_code__str[CIR501]" time="0.000" /><testcase classname="tests.codes.error_codes_test" name="test_can_instantiate_using_error_code__str[CIR502]" time="0.000" /><testcase classname="tests.codes.error_codes_test" name="test_instantiate_using_error_code__error_wrong_code[some_string]" time="0.000" /><testcase classname="tests.codes.error_codes_test" name="test_instantiate_using_error_code__error_wrong_code[]" time="0.000" /><testcase classname="tests.codes.error_codes_test" name="test_instantiate_using_error_code__error_wrong_code[PIR9999]" time="0.000" /><testcase classname="tests.codes.error_codes_test" name="test_instantiate_using_error_code__error_wrong_code[CIR9999]" time="0.000" /><testcase classname="tests.codes.error_codes_test" name="test_can_instantiate_using_error_code__enum[ErrorCode.PIR101]" time="0.000" /><testcase classname="tests.codes.error_codes_test" name="test_can_instantiate_using_error_code__enum[ErrorCode.PIR102]" time="0.000" /><testcase classname="tests.codes.error_codes_test" name="test_can_instantiate_using_error_code__enum[ErrorCode.PIR103]" time="0.000" /><testcase classname="tests.codes.error_codes_test" name="test_can_instantiate_using_error_code__enum[ErrorCode.PIR104]" time="0.000" /><testcase classname="tests.codes.error_codes_test" name="test_can_instantiate_using_error_code__enum[ErrorCode.PIR105]" time="0.000" /><testcase classname="tests.codes.error_codes_test" name="test_can_instantiate_using_error_code__enum[ErrorCode.PIR106]" time="0.000" /><testcase classname="tests.codes.error_codes_test" name="test_can_instantiate_using_error_code__enum[ErrorCode.PIR107]" time="0.000" /><testcase classname="tests.codes.error_codes_test" name="test_can_instantiate_using_error_code__enum[ErrorCode.PIR108]" time="0.000" /><testcase classname="tests.codes.error_codes_test" name="test_can_instantiate_using_error_code__enum[ErrorCode.PIR109]" time="0.000" /><testcase classname="tests.codes.error_codes_test" name="test_can_instantiate_using_error_code__enum[ErrorCode.PIR201]" time="0.000" /><testcase classname="tests.codes.error_codes_test" name="test_can_instantiate_using_error_code__enum[ErrorCode.PIR202]" time="0.000" /><testcase classname="tests.codes.error_codes_test" name="test_can_instantiate_using_error_code__enum[ErrorCode.PIR203]" time="0.000" /><testcase classname="tests.codes.error_codes_test" name="test_can_instantiate_using_error_code__enum[ErrorCode.PIR204]" time="0.000" /><testcase classname="tests.codes.error_codes_test" name="test_can_instantiate_using_error_code__enum[ErrorCode.PIR205]" time="0.000" /><testcase classname="tests.codes.error_codes_test" name="test_can_instantiate_using_error_code__enum[ErrorCode.PIR206]" time="0.000" /><testcase classname="tests.codes.error_codes_test" name="test_can_instantiate_using_error_code__enum[ErrorCode.PIR207]" time="0.000" /><testcase classname="tests.codes.error_codes_test" name="test_can_instantiate_using_error_code__enum[ErrorCode.PIR208]" time="0.000" /><testcase classname="tests.codes.error_codes_test" name="test_can_instantiate_using_error_code__enum[ErrorCode.PIR209]" time="0.000" /><testcase classname="tests.codes.error_codes_test" name="test_can_instantiate_using_error_code__enum[ErrorCode.PIR210]" time="0.000" /><testcase classname="tests.codes.error_codes_test" name="test_can_instantiate_using_error_code__enum[ErrorCode.PIR301]" time="0.000" /><testcase classname="tests.codes.error_codes_test" name="test_can_instantiate_using_error_code__enum[ErrorCode.PIR302]" time="0.000" /><testcase classname="tests.codes.error_codes_test" name="test_can_instantiate_using_error_code__enum[ErrorCode.CIR101]" time="0.000" /><testcase classname="tests.codes.error_codes_test" name="test_can_instantiate_using_error_code__enum[ErrorCode.CIR102]" time="0.000" /><testcase classname="tests.codes.error_codes_test" name="test_can_instantiate_using_error_code__enum[ErrorCode.CIR103]" time="0.000" /><testcase classname="tests.codes.error_codes_test" name="test_can_instantiate_using_error_code__enum[ErrorCode.CIR104]" time="0.000" /><testcase classname="tests.codes.error_codes_test" name="test_can_instantiate_using_error_code__enum[ErrorCode.CIR105]" time="0.000" /><testcase classname="tests.codes.error_codes_test" name="test_can_instantiate_using_error_code__enum[ErrorCode.CIR106]" time="0.000" /><testcase classname="tests.codes.error_codes_test" name="test_can_instantiate_using_error_code__enum[ErrorCode.CIR107]" time="0.000" /><testcase classname="tests.codes.error_codes_test" name="test_can_instantiate_using_error_code__enum[ErrorCode.CIR201]" time="0.000" /><testcase classname="tests.codes.error_codes_test" name="test_can_instantiate_using_error_code__enum[ErrorCode.CIR202]" time="0.000" /><testcase classname="tests.codes.error_codes_test" name="test_can_instantiate_using_error_code__enum[ErrorCode.CIR203]" time="0.000" /><testcase classname="tests.codes.error_codes_test" name="test_can_instantiate_using_error_code__enum[ErrorCode.CIR204]" time="0.000" /><testcase classname="tests.codes.error_codes_test" name="test_can_instantiate_using_error_code__enum[ErrorCode.CIR205]" time="0.000" /><testcase classname="tests.codes.error_codes_test" name="test_can_instantiate_using_error_code__enum[ErrorCode.CIR206]" time="0.000" /><testcase classname="tests.codes.error_codes_test" name="test_can_instantiate_using_error_code__enum[ErrorCode.CIR301]" time="0.000" /><testcase classname="tests.codes.error_codes_test" name="test_can_instantiate_using_error_code__enum[ErrorCode.CIR302]" time="0.000" /><testcase classname="tests.codes.error_codes_test" name="test_can_instantiate_using_error_code__enum[ErrorCode.CIR303]" time="0.000" /><testcase classname="tests.codes.error_codes_test" name="test_can_instantiate_using_error_code__enum[ErrorCode.CIR304]" time="0.000" /><testcase classname="tests.codes.error_codes_test" name="test_can_instantiate_using_error_code__enum[ErrorCode.CIR401]" time="0.000" /><testcase classname="tests.codes.error_codes_test" name="test_can_instantiate_using_error_code__enum[ErrorCode.CIR402]" time="0.000" /><testcase classname="tests.codes.error_codes_test" name="test_can_instantiate_using_error_code__enum[ErrorCode.CIR501]" time="0.000" /><testcase classname="tests.codes.error_codes_test" name="test_can_instantiate_using_error_code__enum[ErrorCode.CIR502]" time="0.000" /><testcase classname="tests.codes.error_codes_test" name="test_can_instantiate_using_error_code__error_wrong_type[1]" time="0.000" /><testcase classname="tests.codes.error_codes_test" name="test_can_instantiate_using_error_code__error_wrong_type[2.0]" time="0.000" /><testcase classname="tests.codes.error_codes_test" name="test_can_instantiate_using_error_code__error_wrong_type[True]" time="0.000" /><testcase classname="tests.codes.error_codes_test" name="test_can_instantiate_using_error_code__error_wrong_type[False]" time="0.000" /><testcase classname="tests.codes.error_codes_test" name="test_can_instantiate_using_error_code__error_wrong_type[None]" time="0.000" /><testcase classname="tests.codes.error_codes_test" name="test_can_instantiate_using_error_code__error_wrong_type[other_types5]" time="0.000" /><testcase classname="tests.codes.error_codes_test" name="test_can_instantiate_using_error_code__error_wrong_type[other_types6]" time="0.000" /><testcase classname="tests.codes.error_codes_test" name="test_can_instantiate_using_error_code__error_wrong_type[other_types7]" time="0.000" /><testcase classname="tests.codes.error_codes_test" name="test_can_instantiate_using_error_code__error_wrong_type[other_types8]" time="0.000" /><testcase classname="tests.codes.error_codes_test" name="test_membership__str[PIR101]" time="0.000" /><testcase classname="tests.codes.error_codes_test" name="test_membership__str[PIR102]" time="0.000" /><testcase classname="tests.codes.error_codes_test" name="test_membership__str[PIR103]" time="0.000" /><testcase classname="tests.codes.error_codes_test" name="test_membership__str[PIR104]" time="0.000" /><testcase classname="tests.codes.error_codes_test" name="test_membership__str[PIR105]" time="0.000" /><testcase classname="tests.codes.error_codes_test" name="test_membership__str[PIR106]" time="0.000" /><testcase classname="tests.codes.error_codes_test" name="test_membership__str[PIR107]" time="0.000" /><testcase classname="tests.codes.error_codes_test" name="test_membership__str[PIR108]" time="0.000" /><testcase classname="tests.codes.error_codes_test" name="test_membership__str[PIR109]" time="0.000" /><testcase classname="tests.codes.error_codes_test" name="test_membership__str[PIR201]" time="0.000" /><testcase classname="tests.codes.error_codes_test" name="test_membership__str[PIR202]" time="0.000" /><testcase classname="tests.codes.error_codes_test" name="test_membership__str[PIR203]" time="0.000" /><testcase classname="tests.codes.error_codes_test" name="test_membership__str[PIR204]" time="0.000" /><testcase classname="tests.codes.error_codes_test" name="test_membership__str[PIR205]" time="0.000" /><testcase classname="tests.codes.error_codes_test" name="test_membership__str[PIR206]" time="0.000" /><testcase classname="tests.codes.error_codes_test" name="test_membership__str[PIR207]" time="0.000" /><testcase classname="tests.codes.error_codes_test" name="test_membership__str[PIR208]" time="0.000" /><testcase classname="tests.codes.error_codes_test" name="test_membership__str[PIR209]" time="0.000" /><testcase classname="tests.codes.error_codes_test" name="test_membership__str[PIR210]" time="0.000" /><testcase classname="tests.codes.error_codes_test" name="test_membership__str[PIR301]" time="0.000" /><testcase classname="tests.codes.error_codes_test" name="test_membership__str[PIR302]" time="0.000" /><testcase classname="tests.codes.error_codes_test" name="test_membership__str[CIR101]" time="0.000" /><testcase classname="tests.codes.error_codes_test" name="test_membership__str[CIR102]" time="0.000" /><testcase classname="tests.codes.error_codes_test" name="test_membership__str[CIR103]" time="0.000" /><testcase classname="tests.codes.error_codes_test" name="test_membership__str[CIR104]" time="0.000" /><testcase classname="tests.codes.error_codes_test" name="test_membership__str[CIR105]" time="0.000" /><testcase classname="tests.codes.error_codes_test" name="test_membership__str[CIR106]" time="0.000" /><testcase classname="tests.codes.error_codes_test" name="test_membership__str[CIR107]" time="0.000" /><testcase classname="tests.codes.error_codes_test" name="test_membership__str[CIR201]" time="0.000" /><testcase classname="tests.codes.error_codes_test" name="test_membership__str[CIR202]" time="0.000" /><testcase classname="tests.codes.error_codes_test" name="test_membership__str[CIR203]" time="0.000" /><testcase classname="tests.codes.error_codes_test" name="test_membership__str[CIR204]" time="0.000" /><testcase classname="tests.codes.error_codes_test" name="test_membership__str[CIR205]" time="0.000" /><testcase classname="tests.codes.error_codes_test" name="test_membership__str[CIR206]" time="0.000" /><testcase classname="tests.codes.error_codes_test" name="test_membership__str[CIR301]" time="0.000" /><testcase classname="tests.codes.error_codes_test" name="test_membership__str[CIR302]" time="0.000" /><testcase classname="tests.codes.error_codes_test" name="test_membership__str[CIR303]" time="0.000" /><testcase classname="tests.codes.error_codes_test" name="test_membership__str[CIR304]" time="0.000" /><testcase classname="tests.codes.error_codes_test" name="test_membership__str[CIR401]" time="0.000" /><testcase classname="tests.codes.error_codes_test" name="test_membership__str[CIR402]" time="0.000" /><testcase classname="tests.codes.error_codes_test" name="test_membership__str[CIR501]" time="0.000" /><testcase classname="tests.codes.error_codes_test" name="test_membership__str[CIR502]" time="0.000" /><testcase classname="tests.codes.error_codes_test" name="test_membership__error_wrong_code[some_string]" time="0.000" /><testcase classname="tests.codes.error_codes_test" name="test_membership__error_wrong_code[]" time="0.000" /><testcase classname="tests.codes.error_codes_test" name="test_membership__error_wrong_code[PIR9999]" time="0.000" /><testcase classname="tests.codes.error_codes_test" name="test_membership__error_wrong_code[CIR9999]" time="0.000" /><testcase classname="tests.codes.error_codes_test" name="test_membership__enum[ErrorCode.PIR101]" time="0.000" /><testcase classname="tests.codes.error_codes_test" name="test_membership__enum[ErrorCode.PIR102]" time="0.000" /><testcase classname="tests.codes.error_codes_test" name="test_membership__enum[ErrorCode.PIR103]" time="0.000" /><testcase classname="tests.codes.error_codes_test" name="test_membership__enum[ErrorCode.PIR104]" time="0.000" /><testcase classname="tests.codes.error_codes_test" name="test_membership__enum[ErrorCode.PIR105]" time="0.000" /><testcase classname="tests.codes.error_codes_test" name="test_membership__enum[ErrorCode.PIR106]" time="0.000" /><testcase classname="tests.codes.error_codes_test" name="test_membership__enum[ErrorCode.PIR107]" time="0.000" /><testcase classname="tests.codes.error_codes_test" name="test_membership__enum[ErrorCode.PIR108]" time="0.000" /><testcase classname="tests.codes.error_codes_test" name="test_membership__enum[ErrorCode.PIR109]" time="0.000" /><testcase classname="tests.codes.error_codes_test" name="test_membership__enum[ErrorCode.PIR201]" time="0.000" /><testcase classname="tests.codes.error_codes_test" name="test_membership__enum[ErrorCode.PIR202]" time="0.000" /><testcase classname="tests.codes.error_codes_test" name="test_membership__enum[ErrorCode.PIR203]" time="0.000" /><testcase classname="tests.codes.error_codes_test" name="test_membership__enum[ErrorCode.PIR204]" time="0.000" /><testcase classname="tests.codes.error_codes_test" name="test_membership__enum[ErrorCode.PIR205]" time="0.000" /><testcase classname="tests.codes.error_codes_test" name="test_membership__enum[ErrorCode.PIR206]" time="0.000" /><testcase classname="tests.codes.error_codes_test" name="test_membership__enum[ErrorCode.PIR207]" time="0.000" /><testcase classname="tests.codes.error_codes_test" name="test_membership__enum[ErrorCode.PIR208]" time="0.000" /><testcase classname="tests.codes.error_codes_test" name="test_membership__enum[ErrorCode.PIR209]" time="0.000" /><testcase classname="tests.codes.error_codes_test" name="test_membership__enum[ErrorCode.PIR210]" time="0.000" /><testcase classname="tests.codes.error_codes_test" name="test_membership__enum[ErrorCode.PIR301]" time="0.000" /><testcase classname="tests.codes.error_codes_test" name="test_membership__enum[ErrorCode.PIR302]" time="0.000" /><testcase classname="tests.codes.error_codes_test" name="test_membership__enum[ErrorCode.CIR101]" time="0.000" /><testcase classname="tests.codes.error_codes_test" name="test_membership__enum[ErrorCode.CIR102]" time="0.000" /><testcase classname="tests.codes.error_codes_test" name="test_membership__enum[ErrorCode.CIR103]" time="0.000" /><testcase classname="tests.codes.error_codes_test" name="test_membership__enum[ErrorCode.CIR104]" time="0.000" /><testcase classname="tests.codes.error_codes_test" name="test_membership__enum[ErrorCode.CIR105]" time="0.000" /><testcase classname="tests.codes.error_codes_test" name="test_membership__enum[ErrorCode.CIR106]" time="0.000" /><testcase classname="tests.codes.error_codes_test" name="test_membership__enum[ErrorCode.CIR107]" time="0.000" /><testcase classname="tests.codes.error_codes_test" name="test_membership__enum[ErrorCode.CIR201]" time="0.000" /><testcase classname="tests.codes.error_codes_test" name="test_membership__enum[ErrorCode.CIR202]" time="0.000" /><testcase classname="tests.codes.error_codes_test" name="test_membership__enum[ErrorCode.CIR203]" time="0.000" /><testcase classname="tests.codes.error_codes_test" name="test_membership__enum[ErrorCode.CIR204]" time="0.000" /><testcase classname="tests.codes.error_codes_test" name="test_membership__enum[ErrorCode.CIR205]" time="0.000" /><testcase classname="tests.codes.error_codes_test" name="test_membership__enum[ErrorCode.CIR206]" time="0.000" /><testcase classname="tests.codes.error_codes_test" name="test_membership__enum[ErrorCode.CIR301]" time="0.000" /><testcase classname="tests.codes.error_codes_test" name="test_membership__enum[ErrorCode.CIR302]" time="0.000" /><testcase classname="tests.codes.error_codes_test" name="test_membership__enum[ErrorCode.CIR303]" time="0.000" /><testcase classname="tests.codes.error_codes_test" name="test_membership__enum[ErrorCode.CIR304]" time="0.000" /><testcase classname="tests.codes.error_codes_test" name="test_membership__enum[ErrorCode.CIR401]" time="0.000" /><testcase classname="tests.codes.error_codes_test" name="test_membership__enum[ErrorCode.CIR402]" time="0.000" /><testcase classname="tests.codes.error_codes_test" name="test_membership__enum[ErrorCode.CIR501]" time="0.000" /><testcase classname="tests.codes.error_codes_test" name="test_membership__enum[ErrorCode.CIR502]" time="0.000" /><testcase classname="tests.codes.error_codes_test" name="test_membership__error_wrong_type[1]" time="0.000" /><testcase classname="tests.codes.error_codes_test" name="test_membership__error_wrong_type[2.0]" time="0.000" /><testcase classname="tests.codes.error_codes_test" name="test_membership__error_wrong_type[True]" time="0.000" /><testcase classname="tests.codes.error_codes_test" name="test_membership__error_wrong_type[False]" time="0.000" /><testcase classname="tests.codes.error_codes_test" name="test_membership__error_wrong_type[None]" time="0.000" /><testcase classname="tests.codes.error_codes_test" name="test_membership__error_wrong_type[other_types5]" time="0.000" /><testcase classname="tests.codes.error_codes_test" name="test_membership__error_wrong_type[other_types6]" time="0.000" /><testcase classname="tests.codes.error_codes_test" name="test_membership__error_wrong_type[other_types7]" time="0.000" /><testcase classname="tests.codes.error_codes_test" name="test_membership__error_wrong_type[other_types8]" time="0.000" /><testcase classname="tests.core.node_visitor_test" name="test_visit_import_simple" time="0.001" /><testcase classname="tests.core.node_visitor_test" name="test_visit_import_alias" time="0.000" /><testcase classname="tests.core.node_visitor_test" name="test_visit_import_from_simple" time="0.000" /><testcase classname="tests.core.node_visitor_test" name="test_visit_import_from_alias" time="0.000" /><testcase classname="tests.core.node_visitor_test" name="test_visit_import_from_relative" time="0.000" /><testcase classname="tests.core.node_visitor_test" name="test_visit_class_def" time="0.000" /><testcase classname="tests.core.node_visitor_test" name="test_visit_class_def_base_class" time="0.000" /><testcase classname="tests.core.node_visitor_test" name="test_visit_function_def" time="0.000" /><testcase classname="tests.core.node_visitor_test" name="test_visit_import_multiple" time="0.000" /><testcase classname="tests.core.node_visitor_test" name="test_visit_import_from_multiple" time="0.000" /><testcase classname="tests.core.node_visitor_test" name="test_complex_code" time="0.001" /><testcase classname="tests.core.node_visitor_test" name="test_empty_code" time="0.000" /><testcase classname="tests.core.node_visitor_test" name="test_aliased_from_import" time="0.000" /><testcase classname="tests.core.node_visitor_test" name="test_multiple_imports_same_line" time="0.000" /><testcase classname="tests.core.node_visitor_test" name="test_mixture_of_nodes" time="0.000" /><testcase classname="tests.core.node_visitor_test" name="test_relative_imports" time="0.000" /><testcase classname="tests.core.node_visitor_test" name="test_multiple_from_imports_same_line" time="0.000" /><testcase classname="tests.core.node_visitor_test" name="test_multiple_classes_and_functions" time="0.000" /><testcase classname="tests.core.node_visitor_test" name="test_nested_classes_and_functions" time="0.000" /><testcase classname="tests.core.node_visitor_test" name="test_comments" time="0.000" /><testcase classname="tests.core.restricted_import_visitor_test" name="test_get_restricted_identifiers[restricted_imports0-True-expected0]" time="0.001" /><testcase classname="tests.core.restricted_import_visitor_test" name="test_get_restricted_identifiers[restricted_imports1-False-expected1]" time="0.001" /><testcase classname="tests.core.restricted_import_visitor_test" name="test_get_restricted_identifiers[restricted_imports2-True-expected2]" time="0.000" /><testcase classname="tests.core.restricted_import_visitor_test" name="test_restricted_import_visitor[my_second_base_package.module_one.file_one-expected0]" time="0.000" /><testcase classname="tests.core.restricted_import_visitor_test" name="test_restricted_import_visitor[my_second_base_package.module_one.file_two-expected1]" time="0.000" /><testcase classname="tests.core.restricted_import_visitor_test" name="test_restricted_import_visitor[my_second_base_package.module_two.file_one-expected2]" time="0.000" /><testcase classname="tests.core.restricted_import_visitor_test" name="test_restricted_import_visitor[my_second_base_package.module_two.file_two-expected3]" time="0.000" /><testcase classname="tests.core.restricted_import_visitor_test" name="test_restricted_import_visitor[my_second_base_package.module_one-expected4]" time="0.000" /><testcase classname="tests.core.restricted_import_visitor_test" name="test_restricted_import_visitor[my_second_base_package.module_two-expected5]" time="0.000" /><testcase classname="tests.core.restricted_import_visitor_test" name="test_restricted_import_visitor[my_third_base_package-expected6]" time="0.000" /><testcase classname="tests.core.restricted_import_visitor_test" name="test_restricted_import_visitor[my_second_base_package-expected7]" time="0.001" /><testcase classname="tests.core.restricted_import_visitor_test" name="test_get_restricted_identifiers__import_restrictions[my_second_base_package.module_one.file_one-expected0]" time="0.000" /><testcase classname="tests.core.restricted_import_visitor_test" name="test_get_restricted_identifiers__import_restrictions[my_second_base_package.module_one.file_two-expected1]" time="0.001" /><testcase classname="tests.core.restricted_import_visitor_test" name="test_get_restricted_identifiers__import_restrictions[my_second_base_package.module_two.file_one-expected2]" time="0.000" /><testcase classname="tests.core.restricted_import_visitor_test" name="test_get_restricted_identifiers__import_restrictions[my_second_base_package.module_two.file_two-expected3]" time="0.001" /><testcase classname="tests.core.restricted_import_visitor_test" name="test_get_restricted_identifiers__import_restrictions[my_second_base_package.module_one-expected4]" time="0.000" /><testcase classname="tests.core.restricted_import_visitor_test" name="test_get_restricted_identifiers__import_restrictions[my_second_base_package.module_two-expected5]" time="0.000" /><testcase classname="tests.core.restricted_import_visitor_test" name="test_get_restricted_identifiers__import_restrictions[my_third_base_package-expected6]" time="0.001" /><testcase classname="tests.core.restricted_import_visitor_test" name="test_get_restricted_identifiers__import_restrictions[my_second_base_package-expected7]" time="0.000" /><testcase classname="tests.core.restricted_import_visitor_test" name="test_get_restricted_identifiers__import_restrictions_two[my_second_base_package-expected0]" time="0.001" /><testcase classname="tests.core.restricted_import_visitor_test" name="test_get_restricted_identifiers__import_restrictions_two[my_second_base_package.module_one-expected1]" time="0.001" /><testcase classname="tests.core.restricted_import_visitor_test" name="test_get_restricted_identifiers__import_restrictions_two[my_second_base_package.module_one.file_one-expected2]" time="0.001" /><testcase classname="tests.core.restricted_import_visitor_test" name="test_get_restricted_identifiers__import_restrictions_two[my_second_base_package.module_one.file_two-expected3]" time="0.001" /><testcase classname="tests.core.restricted_import_visitor_test" name="test_get_restricted_identifiers__import_restrictions_two[my_second_base_package.module_two-expected4]" time="0.001" /><testcase classname="tests.core.restricted_import_visitor_test" name="test_get_restricted_identifiers__import_restrictions_two[my_second_base_package.module_two.file_one-expected5]" time="0.001" /><testcase classname="tests.core.restricted_import_visitor_test" name="test_get_restricted_identifiers__import_restrictions_two[my_second_base_package.module_two.file_two-expected6]" time="0.001" /><testcase classname="tests.core.restricted_import_visitor_test" name="test_get_restricted_identifiers__import_restrictions_two[my_second_base_package.file-expected7]" time="0.001" /><testcase classname="tests.core.restricted_import_visitor_test" name="test_get_restricted_identifiers__import_restrictions_two[my_base_module-expected8]" time="0.001" /><testcase classname="tests.core.restricted_import_visitor_test" name="test_get_restricted_identifiers__import_restrictions_two[my_base_module.module_one-expected9]" time="0.001" /><testcase classname="tests.core.restricted_import_visitor_test" name="test_get_restricted_identifiers__import_restrictions_two[my_base_module.module_one.file_one-expected10]" time="0.001" /><testcase classname="tests.core.restricted_import_visitor_test" name="test_get_restricted_identifiers__import_restrictions_two[my_base_module.module_one.file_two-expected11]" time="0.001" /><testcase classname="tests.core.restricted_import_visitor_test" name="test_get_restricted_identifiers__import_restrictions_two[my_base_module.module_two-expected12]" time="0.001" /><testcase classname="tests.core.restricted_import_visitor_test" name="test_get_restricted_identifiers__import_restrictions_two[my_base_module.module_two.file_one-expected13]" time="0.001" /><testcase classname="tests.core.restricted_import_visitor_test" name="test_get_restricted_identifiers__import_restrictions_two[my_base_module.module_two.file_two-expected14]" time="0.001" /><testcase classname="tests.core.restricted_import_visitor_test" name="test_get_restricted_identifiers__import_restrictions_two[my_base_module.file-expected15]" time="0.001" /><testcase classname="tests.core.restricted_import_visitor_test" name="test_get_restricted_identifiers__import_restrictions_two[my_third_base_package-expected16]" time="0.001" /><testcase classname="tests.core.restricted_import_visitor_test" name="test_get_restricted_identifiers__import_restrictions_two[my_third_base_package.module_one-expected17]" time="0.001" /><testcase classname="tests.core.restricted_import_visitor_test" name="test_get_restricted_identifiers__import_restrictions_two[my_third_base_package.module_one.file_one-expected18]" time="0.001" /><testcase classname="tests.core.restricted_import_visitor_test" name="test_get_restricted_identifiers__import_restrictions_two[my_third_base_package.module_one.file_two-expected19]" time="0.001" /><testcase classname="tests.core.restricted_import_visitor_test" name="test_get_restricted_identifiers__import_restrictions_two[my_third_base_package.module_two-expected20]" time="0.001" /><testcase classname="tests.core.restricted_import_visitor_test" name="test_get_restricted_identifiers__import_restrictions_two[my_third_base_package.module_two.file_one-expected21]" time="0.001" /><testcase classname="tests.core.restricted_import_visitor_test" name="test_get_restricted_identifiers__import_restrictions_two[my_third_base_package.module_two.file_two-expected22]" time="0.001" /><testcase classname="tests.core.restricted_import_visitor_test" name="test_get_restricted_identifiers__import_restrictions_two[my_third_base_package.file-expected23]" time="0.001" /><testcase classname="tests.core.restricted_import_visitor_test" name="test_get_restricted_identifiers__restricted_identifiers[my_second_base_package-expected0]" time="0.001" /><testcase classname="tests.core.restricted_import_visitor_test" name="test_get_restricted_identifiers__restricted_identifiers[my_second_base_package.module_one-expected1]" time="0.001" /><testcase classname="tests.core.restricted_import_visitor_test" name="test_get_restricted_identifiers__restricted_identifiers[my_second_base_package.module_one.file_one-expected2]" time="0.001" /><testcase classname="tests.core.restricted_import_visitor_test" name="test_get_restricted_identifiers__restricted_identifiers[my_second_base_package.module_one.file_two-expected3]" time="0.001" /><testcase classname="tests.core.restricted_import_visitor_test" name="test_get_restricted_identifiers__restricted_identifiers[my_second_base_package.module_two-expected4]" time="0.001" /><testcase classname="tests.core.restricted_import_visitor_test" name="test_get_restricted_identifiers__restricted_identifiers[my_second_base_package.module_two.file_one-expected5]" time="0.001" /><testcase classname="tests.core.restricted_import_visitor_test" name="test_get_restricted_identifiers__restricted_identifiers[my_second_base_package.module_two.file_two-expected6]" time="0.001" /><testcase classname="tests.core.restricted_import_visitor_test" name="test_get_restricted_identifiers__restricted_identifiers[my_second_base_package.file-expected7]" time="0.001" /><testcase classname="tests.core.restricted_import_visitor_test" name="test_get_restricted_identifiers__restricted_identifiers[my_base_module-expected8]" time="0.001" /><testcase classname="tests.core.restricted_import_visitor_test" name="test_get_restricted_identifiers__restricted_identifiers[my_base_module.module_one-expected9]" time="0.001" /><testcase classname="tests.core.restricted_import_visitor_test" name="test_get_restricted_identifiers__restricted_identifiers[my_base_module.module_one.file_one-expected10]" time="0.002" /><testcase classname="tests.core.restricted_import_visitor_test" name="test_get_restricted_identifiers__restricted_identifiers[my_base_module.module_one.file_two-expected11]" time="0.001" /><testcase classname="tests.core.restricted_import_visitor_test" name="test_get_restricted_identifiers__restricted_identifiers[my_base_module.module_two-expected12]" time="0.001" /><testcase classname="tests.core.restricted_import_visitor_test" name="test_get_restricted_identifiers__restricted_identifiers[my_base_module.module_two.file_one-expected13]" time="0.001" /><testcase classname="tests.core.restricted_import_visitor_test" name="test_get_restricted_identifiers__restricted_identifiers[my_base_module.module_two.file_two-expected14]" time="0.001" /><testcase classname="tests.core.restricted_import_visitor_test" name="test_get_restricted_identifiers__restricted_identifiers[my_base_module.file-expected15]" time="0.001" /><testcase classname="tests.core.restricted_import_visitor_test" name="test_get_restricted_identifiers__restricted_identifiers[my_third_base_package-expected16]" time="0.001" /><testcase classname="tests.core.restricted_import_visitor_test" name="test_get_restricted_identifiers__restricted_identifiers[my_third_base_package.module_one-expected17]" time="0.001" /><testcase classname="tests.core.restricted_import_visitor_test" name="test_get_restricted_identifiers__restricted_identifiers[my_third_base_package.module_one.file_one-expected18]" time="0.001" /><testcase classname="tests.core.restricted_import_visitor_test" name="test_get_restricted_identifiers__restricted_identifiers[my_third_base_package.module_one.file_two-expected19]" time="0.001" /><testcase classname="tests.core.restricted_import_visitor_test" name="test_get_restricted_identifiers__restricted_identifiers[my_third_base_package.module_two-expected20]" time="0.001" /><testcase classname="tests.core.restricted_import_visitor_test" name="test_get_restricted_identifiers__restricted_identifiers[my_third_base_package.module_two.file_one-expected21]" time="0.001" /><testcase classname="tests.core.restricted_import_visitor_test" name="test_get_restricted_identifiers__restricted_identifiers[my_third_base_package.module_two.file_two-expected22]" time="0.001" /><testcase classname="tests.core.restricted_import_visitor_test" name="test_get_restricted_identifiers__restricted_identifiers[my_third_base_package.file-expected23]" time="0.003" /><testcase classname="tests.test_cases.noop_test" name="test_noop" time="0.001" /><testcase classname="tests.test_cases.custom_import_rules.base_package_test" name="test_base_package_only_imports[example_repos/my_base_module/my_second_base_package/module_three.py-base_package_only_imports0-expected0]" time="0.003" /><testcase classname="tests.test_cases.custom_import_rules.base_package_test" name="test_base_package_only_imports[example_repos/my_base_module/my_second_base_package/module_three.py-base_package_only_imports1-expected1]" time="0.002" /><testcase classname="tests.test_cases.custom_import_rules.base_package_test" name="test_base_package_only_import_settings_do_not_error" time="0.002" /><testcase classname="tests.test_cases.custom_import_rules.first_party_only_test" name="test_first_party_only_imports[example_repos/my_base_module/my_second_base_package/module_three.py-first_party_only_imports0-expected0]" time="0.002" /><testcase classname="tests.test_cases.custom_import_rules.first_party_only_test" name="test_first_party_only_imports[example_repos/my_base_module/my_second_base_package/module_three.py-first_party_only_imports1-expected1]" time="0.002" /><testcase classname="tests.test_cases.custom_import_rules.first_party_only_test" name="test_first_party_only_import_settings_do_not_error" time="0.002" /><testcase classname="tests.test_cases.custom_import_rules.isolated_modules_test" name="test_isolated_modules_imports[example_repos/my_base_module/my_second_base_package/module_three.py-isolated_modules_imports0-expected0]" time="0.002" /><testcase classname="tests.test_cases.custom_import_rules.isolated_modules_test" name="test_isolated_modules_imports[example_repos/my_base_module/my_second_base_package/module_three.py-isolated_modules_imports1-expected1]" time="0.002" /><testcase classname="tests.test_cases.custom_import_rules.isolated_modules_test" name="test_isolated_modules_import_settings_do_not_error" time="0.002" /><testcase classname="tests.test_cases.custom_import_rules.project_only_test" name="test_project_only_imports[example_repos/my_base_module/my_second_base_package/module_three.py-project_only_imports0-expected0]" time="0.002" /><testcase classname="tests.test_cases.custom_import_rules.project_only_test" name="test_project_only_imports[example_repos/my_base_module/my_second_base_package/module_three.py-project_only_imports1-expected1]" time="0.002" /><testcase classname="tests.test_cases.custom_import_rules.project_only_test" name="test_project_only_import_settings_do_not_error" time="0.002" /><testcase classname="tests.test_cases.custom_import_rules.restricted_package_test" name="test_complex_imports[example_repos/my_base_module/my_second_base_package/module_one/file_one.py-my_second_base_package.module_one.file_one-expected_restricted_identifiers0-2]" time="0.003" /><testcase classname="tests.test_cases.custom_import_rules.restricted_package_test" name="test_complex_imports[example_repos/my_base_module/my_second_base_package/module_one/file_two.py-my_second_base_package.module_one.file_two-expected_restricted_identifiers1-4]" time="0.003" /><testcase classname="tests.test_cases.custom_import_rules.restricted_package_test" name="test_complex_imports[example_repos/my_base_module/my_second_base_package/module_two/file_one.py-my_second_base_package.module_two.file_one-expected_restricted_identifiers2-8]" time="0.003" /><testcase classname="tests.test_cases.custom_import_rules.restricted_package_test" name="test_complex_imports[example_repos/my_base_module/my_second_base_package/module_two/file_two.py-my_second_base_package.module_two.file_two-expected_restricted_identifiers3-8]" time="0.003" /><testcase classname="tests.test_cases.custom_import_rules.restricted_package_test" name="test_complex_imports[example_repos/my_base_module/my_second_base_package/file.py-my_second_base_package.file-expected_restricted_identifiers4-8]" time="0.003" /><testcase classname="tests.test_cases.custom_import_rules.restricted_package_test" name="test_restricted_packages[example_repos/my_base_module/my_second_base_package/module_three.py-restricted_packages0-expected0]" time="0.002" /><testcase classname="tests.test_cases.custom_import_rules.restricted_package_test" name="test_restricted_packages[example_repos/my_base_module/my_second_base_package/module_three.py-restricted_packages1-expected1]" time="0.002" /><testcase classname="tests.test_cases.custom_import_rules.restricted_package_test" name="test_restricted_packages[example_repos/my_base_module/my_second_base_package/module_three.py-restricted_packages2-expected2]" time="0.002" /><testcase classname="tests.test_cases.custom_import_rules.restricted_package_test" name="test_restricted_packages[example_repos/my_base_module/my_second_base_package/module_three.py-restricted_packages3-expected3]" time="0.002" /><testcase classname="tests.test_cases.custom_import_rules.restricted_package_test" name="test_restricted_packages[example_repos/my_base_module/my_second_base_package/module_three.py-restricted_packages4-expected4]" time="0.002" /><testcase classname="tests.test_cases.custom_import_rules.restricted_package_test" name="test_restricted_packages[example_repos/my_base_module/my_second_base_package/module_three.py-restricted_packages5-expected5]" time="0.002" /><testcase classname="tests.test_cases.custom_import_rules.restricted_package_test" name="test_restricted_packages[example_repos/my_base_module/my_second_base_package/module_three.py-restricted_packages6-expected6]" time="0.002" /><testcase classname="tests.test_cases.custom_import_rules.restricted_package_test" name="test_restricted_packages[example_repos/my_base_module/my_second_base_package/module_three.py-restricted_packages7-expected7]" time="0.002" /><testcase classname="tests.test_cases.custom_import_rules.restricted_package_test" name="test_restricted_import_settings_do_not_error" time="0.002" /><testcase classname="tests.test_cases.custom_import_rules.std_lib_only_test" name="test_std_lib_only_imports[example_repos/my_base_module/my_base_module/package_a/module_a.py-std_lib_only_imports0-expected0]" time="0.006" /><testcase classname="tests.test_cases.custom_import_rules.std_lib_only_test" name="test_std_lib_only_imports[example_repos/my_base_module/my_base_module/package_a/module_a.py-std_lib_only_imports1-expected1]" time="0.006" /><testcase classname="tests.test_cases.custom_import_rules.std_lib_only_test" name="test_std_lib_only_import_settings_do_not_error" time="0.002" /><testcase classname="tests.test_cases.custom_import_rules.third_party_only_test" name="test_third_party_only_imports[example_repos/my_base_module/my_base_module/package_a/module_a.py-third_party_only_imports0-expected0]" time="0.006" /><testcase classname="tests.test_cases.custom_import_rules.third_party_only_test" name="test_third_party_only_imports[example_repos/my_base_module/my_base_module/package_a/module_a.py-third_party_only_imports1-expected1]" time="0.006" /><testcase classname="tests.test_cases.custom_import_rules.third_party_only_test" name="test_third_party_only_imports[example_repos/my_base_module/my_base_module/module_x.py-third_party_only_imports2-expected2]" time="0.002" /><testcase classname="tests.test_cases.custom_import_rules.third_party_only_test" name="test_third_party_only_import_settings_do_not_error" time="0.002" /><testcase classname="tests.test_cases.project_import_rules.aliased_import_test" name="test_aliased_imports[from module_z import Z as Zee-expected0-True]" time="0.001" /><testcase classname="tests.test_cases.project_import_rules.aliased_import_test" name="test_aliased_imports[from module_z import Z as Zee-expected1-False]" time="0.001" /><testcase classname="tests.test_cases.project_import_rules.aliased_import_test" name="test_aliased_imports[import numpy as np-expected2-True]" time="0.001" /><testcase classname="tests.test_cases.project_import_rules.aliased_import_test" name="test_aliased_imports[import numpy as np-expected3-False]" time="0.001" /><testcase classname="tests.test_cases.project_import_rules.aliased_import_test" name="test_aliased_imports[import pandas as pd-expected4-True]" time="0.001" /><testcase classname="tests.test_cases.project_import_rules.aliased_import_test" name="test_aliased_imports[import pandas as pd-expected5-False]" time="0.001" /><testcase classname="tests.test_cases.project_import_rules.aliased_import_test" name="test_aliased_import_settings_do_not_error[True]" time="0.002" /><testcase classname="tests.test_cases.project_import_rules.aliased_import_test" name="test_aliased_import_settings_do_not_error[False]" time="0.002" /><testcase classname="tests.test_cases.project_import_rules.conditional_import_test" name="test_conditional_imports[\nimport sys\n\nif sys.version_info &lt; (3, 8):\n    import importlib_metadata\nelse:\n    import importlib.metadata as importlib_metadata\n-expected0-True]" time="0.001" /><testcase classname="tests.test_cases.project_import_rules.conditional_import_test" name="test_conditional_imports[\nimport sys\n\nif sys.version_info &lt; (3, 8):\n    import importlib_metadata\nelse:\n    import importlib.metadata as importlib_metadata\n-expected1-False]" time="0.001" /><testcase classname="tests.test_cases.project_import_rules.conditional_import_test" name="test_conditional_import_settings_do_not_error[True]" time="0.002" /><testcase classname="tests.test_cases.project_import_rules.conditional_import_test" name="test_conditional_import_settings_do_not_error[False]" time="0.002" /><testcase classname="tests.test_cases.project_import_rules.dynamic_imports_test" name="test_dynamic_imports[eval('from my_base_module.module_z import Z')-expected0-True]" time="0.001" /><testcase classname="tests.test_cases.project_import_rules.dynamic_imports_test" name="test_dynamic_imports[eval('from my_base_module.module_z import Z')-expected1-False]" time="0.001" /><testcase classname="tests.test_cases.project_import_rules.dynamic_imports_test" name="test_dynamic_imports[exec('import datetime')-expected2-True]" time="0.001" /><testcase classname="tests.test_cases.project_import_rules.dynamic_imports_test" name="test_dynamic_imports[exec('import datetime')-expected3-False]" time="0.001" /><testcase classname="tests.test_cases.project_import_rules.dynamic_imports_test" name="test_dynamic_imports[import importlib; importlib.import_module('datetime')-expected4-True]" time="0.001" /><testcase classname="tests.test_cases.project_import_rules.dynamic_imports_test" name="test_dynamic_imports[import importlib; importlib.import_module('datetime')-expected5-False]" time="0.001" /><testcase classname="tests.test_cases.project_import_rules.dynamic_imports_test" name="test_dynamic_imports[from importlib import import_module; importlib.import_module('datetime')-expected6-True]" time="0.001" /><testcase classname="tests.test_cases.project_import_rules.dynamic_imports_test" name="test_dynamic_imports[from importlib import import_module; importlib.import_module('datetime')-expected7-False]" time="0.001" /><testcase classname="tests.test_cases.project_import_rules.dynamic_imports_test" name="test_dynamic_imports[from sys import modules; dynamic_datetime = modules['datetime']-expected8-True]" time="0.001" /><testcase classname="tests.test_cases.project_import_rules.dynamic_imports_test" name="test_dynamic_imports[import sys; dynamic_datetime = sys.modules['datetime']-expected9-False]" time="0.001" /><testcase classname="tests.test_cases.project_import_rules.dynamic_imports_test" name="test_dynamic_imports[import sys; dynamic_datetime = sys.modules['datetime']-expected10-True]" time="0.001" /><testcase classname="tests.test_cases.project_import_rules.dynamic_imports_test" name="test_dynamic_imports[import sys; dynamic_datetime = sys.modules['datetime']-expected11-False]" time="0.001" /><testcase classname="tests.test_cases.project_import_rules.dynamic_imports_test" name="test_dynamic_imports[from zipimport import zipimporter; zipimporter = zipimporter('my_module.zip'); my_module = zipimporter.load_module('my_module')-expected12-True]" time="0.001" /><testcase classname="tests.test_cases.project_import_rules.dynamic_imports_test" name="test_dynamic_imports[from zipimport import zipimporter; zipimporter = zipimporter('my_module.zip'); my_module = zipimporter.load_module('my_module')-expected13-False]" time="0.001" /><testcase classname="tests.test_cases.project_import_rules.dynamic_imports_test" name="test_dynamic_import_settings_do_not_error[True]" time="0.002" /><testcase classname="tests.test_cases.project_import_rules.dynamic_imports_test" name="test_dynamic_import_settings_do_not_error[False]"
[...]
case classname="tests.test_cases.project_import_rules.local_import_test" name="test_local_imports[\nimport os\n\ndef func():\n    import os\n\nasync def async_func():\n    from math import sqrt\n\nclass MyClass:\n    import sys\n-expected1-False]" time="0.001" /><testcase classname="tests.test_cases.project_import_rules.local_import_test" name="test_local_import_settings_do_not_error[True]" time="0.002" /><testcase classname="tests.test_cases.project_import_rules.local_import_test" name="test_local_import_settings_do_not_error[False]" time="0.002" /><testcase classname="tests.test_cases.project_import_rules.main_imports_test" name="test_main_imports[\nimport __main__\nimport main_module\nimport module\n\nfrom module import main_function\nfrom . import __main__\nfrom __main__ import module\n-expected0-True]" time="0.001" /><testcase classname="tests.test_cases.project_import_rules.main_imports_test" name="test_main_imports[\nimport __main__\nimport main_module\nimport module\n\nfrom module import main_function\nfrom . import __main__\nfrom __main__ import module\n-expected1-False]" time="0.001" /><testcase classname="tests.test_cases.project_import_rules.main_imports_test" name="test_main_imports[import __main__-expected2-True]" time="0.001" /><testcase classname="tests.test_cases.project_import_rules.main_imports_test" name="test_main_imports[import __main__  # noqa-expected3-True]" time="0.001" /><testcase classname="tests.test_cases.project_import_rules.main_imports_test" name="test_main_imports[import __main__  # NOQA-expected4-True]" time="0.001" /><testcase classname="tests.test_cases.project_import_rules.main_imports_test" name="test_main_imports[import __main__  # noqa: PIR210-expected5-True]" time="0.001" /><testcase classname="tests.test_cases.project_import_rules.main_imports_test" name="test_main_imports[import __main__  # noqa: PIR209-expected6-True]" time="0.001" /><testcase classname="tests.test_cases.project_import_rules.main_imports_test" name="test_main_imports[import __main__  # noqa: PIR209, PIR210-expected7-True]" time="0.001" /><testcase classname="tests.test_cases.project_import_rules.main_imports_test" name="test_main_imports[import __main__  # noqa: PIR209,PIR210-expected8-True]" time="0.001" /><testcase classname="tests.test_cases.project_import_rules.main_imports_test" name="test_main_imports[import __main__  # NOQA: PIR209-expected9-True]" time="0.001" /><testcase classname="tests.test_cases.project_import_rules.main_imports_test" name="test_main_imports[import __main__  # NOQA:PIR209-expected10-True]" time="0.001" /><testcase classname="tests.test_cases.project_import_rules.main_imports_test" name="test_main_imports[import __main__  # NOQA: PIR209, PIR210-expected11-True]" time="0.001" /><testcase classname="tests.test_cases.project_import_rules.main_imports_test" name="test_main_imports[import __main__  # NOQA: PIR209,PIR210-expected12-True]" time="0.001" /><testcase classname="tests.test_cases.project_import_rules.main_imports_test" name="test_main_import_settings_do_not_error[True]" time="0.002" /><testcase classname="tests.test_cases.project_import_rules.main_imports_test" name="test_main_import_settings_do_not_error[False]" time="0.002" /><testcase classname="tests.test_cases.project_import_rules.private_import_test" name="test_private_imports[\nimport _private_module\nimport module\n\nfrom _private_module import function\nfrom _private_module import _private_function, second_function\nfrom module import _private_function\nfrom module._private_module import function\n-expected0-True]" time="0.001" /><testcase classname="tests.test_cases.project_import_rules.private_import_test" name="test_private_imports[\nimport _private_module\nimport module\n\nfrom _private_module import function\nfrom _private_module import _private_function, second_function\nfrom module import _private_function\nfrom module._private_module import function\n-expected1-False]" time="0.001" /><testcase classname="tests.test_cases.project_import_rules.private_import_test" name="test_private_import_settings_do_not_error[True]" time="0.002" /><testcase classname="tests.test_cases.project_import_rules.private_import_test" name="test_private_import_settings_do_not_error[False]" time="0.003" /><testcase classname="tests.test_cases.project_import_rules.relative_imports_test" name="test_relative_imports[from .module_z import Z-expected0-True]" time="0.001" /><testcase classname="tests.test_cases.project_import_rules.relative_imports_test" name="test_relative_imports[from .module_z import Z-expected1-False]" time="0.001" /><testcase classname="tests.test_cases.project_import_rules.relative_imports_test" name="test_relative_imports[from . import module_z-expected2-True]" time="0.001" /><testcase classname="tests.test_cases.project_import_rules.relative_imports_test" name="test_relative_imports[from . import module_z-expected3-False]" time="0.001" /><testcase classname="tests.test_cases.project_import_rules.relative_imports_test" name="test_relative_imports[from ..module_z import Z-expected4-True]" time="0.001" /><testcase classname="tests.test_cases.project_import_rules.relative_imports_test" name="test_relative_imports[from ..module_z import Z-expected5-False]" time="0.001" /><testcase classname="tests.test_cases.project_import_rules.relative_imports_test" name="test_relative_import_settings_do_not_error[True]" time="0.002" /><testcase classname="tests.test_cases.project_import_rules.relative_imports_test" name="test_relative_import_settings_do_not_error[False]" time="0.002" /><testcase classname="tests.test_cases.project_import_rules.tests_import_test" name="test_test_imports[\nimport test_module\nimport module\nimport conftest\nimport tests\n\nfrom test_module import function\nfrom test_module import test_function, second_function\nfrom module import test_function\nfrom module.test_module import another_function\nfrom tests.test_module import and_another_function\nfrom conftest import a_fixture\nfrom conftest import test_function\n-expected0-True]" time="0.002" /><testcase classname="tests.test_cases.project_import_rules.tests_import_test" name="test_test_imports[from conftest import function_test; from module_test import conftest-expected1-True]" time="0.001" /><testcase classname="tests.test_cases.project_import_rules.tests_import_test" name="test_test_imports[\nimport test_module\nimport module\nimport conftest\nimport tests\n\nfrom test_module import function\nfrom test_module import test_function, second_function\nfrom module import test_function\nfrom module.test_module import another_function\nfrom tests.test_module import and_another_function\nfrom conftest import a_fixture\nfrom conftest import test_function\n-expected2-False]" time="0.001" /><testcase classname="tests.test_cases.project_import_rules.tests_import_test" name="test_test_import_settings_do_not_error[True]" time="0.002" /><testcase classname="tests.test_cases.project_import_rules.tests_import_test" name="test_test_import_settings_do_not_error[False]" time="0.002" /><testcase classname="tests.test_cases.project_import_rules.top_level_only_test" name="test_private_imports[\nimport _private_module\nimport module\n\nfrom _private_module import function\nfrom _private_module import _private_function, second_function\nfrom module import _private_function\nfrom module._private_module import function\n-expected0-True]" time="0.001" /><testcase classname="tests.test_cases.project_import_rules.top_level_only_test" name="test_private_imports[\nimport _private_module\nimport module\n\nfrom _private_module import function\nfrom _private_module import _private_function, second_function\nfrom module import _private_function\nfrom module._private_module import function\n-expected1-False]" time="0.001" /><testcase classname="tests.test_cases.project_import_rules.top_level_only_test" name="test_private_import_settings_do_not_error[True]" time="0.002" /><testcase classname="tests.test_cases.project_import_rules.top_level_only_test" name="test_private_import_settings_do_not_error[False]" time="0.002" /><testcase classname="tests.test_cases.project_import_rules.wildcard_imports_test" name="test_star_imports[from my_base_module.module_z import *-expected0-True]" time="0.001" /><testcase classname="tests.test_cases.project_import_rules.wildcard_imports_test" name="test_star_imports[from my_base_module.module_z import *-expected1-False]" time="0.001" /><testcase classname="tests.test_cases.project_import_rules.wildcard_imports_test" name="test_wildcard_import_settings_do_not_error[True]" time="0.002" /><testcase classname="tests.test_cases.project_import_rules.wildcard_imports_test" name="test_wildcard_import_settings_do_not_error[False]" time="0.002" /><testcase classname="tests.utils.file_utils_test" name="test_get_file_path_from_module_name[my_second_base_package.module_one-example_repos/my_base_module/my_second_base_package/module_one/__init__.py]" time="0.001" /><testcase classname="tests.utils.file_utils_test" name="test_get_file_path_from_module_name[my_second_base_package.module_two-example_repos/my_base_module/my_second_base_package/module_two/__init__.py]" time="0.000" /><testcase classname="tests.utils.file_utils_test" name="test_get_file_path_from_module_name[my_second_base_package.module_three-example_repos/my_base_module/my_second_base_package/module_three.py]" time="0.000" /><testcase classname="tests.utils.file_utils_test" name="test_get_file_path_from_module_name[my_second_base_package.module_one.file_one-example_repos/my_base_module/my_second_base_package/module_one/file_one.py]" time="0.000" /><testcase classname="tests.utils.file_utils_test" name="test_get_file_path_from_module_name[my_second_base_package.module_one.file_two-example_repos/my_base_module/my_second_base_package/module_one/file_two.py]" time="0.000" /><testcase classname="tests.utils.file_utils_test" name="test_get_file_path_from_module_name[my_second_base_package.module_two.file_two-example_repos/my_base_module/my_second_base_package/module_two/file_two.py]" time="0.000" /><testcase classname="tests.utils.file_utils_test" name="test_get_file_path_from_module_name[my_second_base_package.file-example_repos/my_base_module/my_second_base_package/file.py]" time="0.000" /><testcase classname="tests.utils.file_utils_test" name="test_get_file_path_from_module_name[base_package.file-None]" time="0.000" /><testcase classname="tests.utils.node_utils_test" name="test_check_private_module_import[module-False]" time="0.000" /><testcase classname="tests.utils.node_utils_test" name="test_check_private_module_import[module.submodule-False]" time="0.000" /><testcase classname="tests.utils.node_utils_test" name="test_check_private_module_import[module._submodule-True]" time="0.000" /><testcase classname="tests.utils.node_utils_test" name="test_check_private_module_import[_module-True]" time="0.000" /><testcase classname="tests.utils.node_utils_test" name="test_check_private_module_import[__main__-False]" time="0.000" /><testcase classname="tests.utils.node_utils_test" name="test_get_module_info_from_import_node" time="0.000" /><testcase classname="tests.utils.node_utils_test" name="test_get_name_info_from_import_node" time="0.000" /><testcase classname="tests.utils.parse_utils_test" name="test_parse_module_string[foo-None-None-None-.-expected0]" time="0.000" /><testcase classname="tests.utils.parse_utils_test" name="test_parse_module_string[foo.and.bar-None-fo-biz-.-expected1]" time="0.000" /><testcase classname="tests.utils.parse_utils_test" name="test_parse_module_string[foo.and.bar-and-fo-biz-.-expected2]" time="0.000" /><testcase classname="tests.utils.parse_utils_test" name="test_parse_module_string[foo.and.bar-None-None-bar-.-expected3]" time="0.000" /><testcase classname="tests.utils.parse_utils_test" name="test_parse_module_string[foo.and.bar-None-None-None-.-expected4]" time="0.000" /><testcase classname="tests.utils.parse_utils_test" name="test_parse_module_string[foo.and.bar.and.baz-substring_match5-None-None-.-expected5]" time="0.000" /><testcase classname="tests.utils.parse_utils_test" name="test_parse_module_string[foo.and.bar.and.baz-and-None-None-.-expected6]" time="0.000" /><testcase classname="tests.utils.parse_utils_test" name="test_parse_module_string[foo,and,bar,and,baz-and-None-None-,-expected7]" time="0.000" /><testcase classname="tests.utils.parse_utils_test" name="test_check_string[foo-None-None-None-.-False]" time="0.000" /><testcase classname="tests.utils.parse_utils_test" name="test_check_string[foo.and.bar-None-fo-biz-.-True]" time="0.000" /><testcase classname="tests.utils.parse_utils_test" name="test_check_string[foo.and.bar-and-fo-biz-.-True]" time="0.000" /><testcase classname="tests.utils.parse_utils_test" name="test_check_string[foo.and.bar-None-None-bar-.-True]" time="0.000" /><testcase classname="tests.utils.parse_utils_test" name="test_check_string[foo.and.bar-None-None-None-.-False]" time="0.001" /><testcase classname="tests.utils.parse_utils_test" name="test_check_string[foo.and.bar.and.baz-substring_match5-None-None-.-True]" time="0.001" /><testcase classname="tests.utils.parse_utils_test" name="test_check_string[foo.and.bar.and.baz-and-None-None-.-True]" time="0.000" /><testcase classname="tests.utils.parse_utils_test" name="test_check_string[foo,and,bar,and,baz-and-None-None-,-True]" time="0.000" /><testcase classname="tests.utils.parse_utils_test" name="test_check_string[eval-substring_match8-None-None-.-True]" time="0.000" /><testcase classname="tests.utils.parse_utils_test" name="test_check_string[strings_to_check9-substring_match9-None-None-.-True]" time="0.000" /><testcase classname="tests.utils.parse_utils_test" name="test_check_string[exec-substring_match10-None-None-.-True]" time="0.000" /><testcase classname="tests.utils.parse_utils_test" name="test_check_string[strings_to_check11-substring_match11-None-None-.-True]" time="0.000" /><testcase classname="tests.utils.parse_utils_test" name="test_check_string[os-substring_match12-None-None-.-False]" time="0.000" /><testcase classname="tests.utils.parse_utils_test" name="test_check_string[strings_to_check13-substring_match13-None-None-.-False]" time="0.000" /><testcase classname="tests.utils.parse_utils_test" name="test_check_string[__init__-__init__-None-None-.-True]" time="0.000" /><testcase classname="tests.utils.parse_utils_test" name="test_check_string[strings_to_check15-__init__-None-None-.-True]" time="0.000" /><testcase classname="tests.utils.parse_utils_test" name="test_check_string[__main__-__main__-None-None-.-True]" time="0.000" /><testcase classname="tests.utils.parse_utils_test" name="test_check_string[strings_to_check17-__main__-None-None-.-True]" time="0.000" /><testcase classname="tests.utils.parse_utils_test" name="test_check_string[__future__-__future__-None-None-.-True]" time="0.000" /><testcase classname="tests.utils.parse_utils_test" name="test_check_string[strings_to_check19-__future__-None-None-.-True]" time="0.000" /><testcase classname="tests.utils.parse_utils_test" name="test_does_file_match_custom_rule[my_base_package.package_c-custom_rules0-False]" time="0.000" /><testcase classname="tests.utils.parse_utils_test" name="test_does_file_match_custom_rule[my_base_package.package_a-custom_rules1-True]" time="0.000" /><testcase classname="tests.utils.parse_utils_test" name="test_does_file_match_custom_rule[my_base_package.package_a.mod_a-custom_rules2-True]" time="0.000" /><testcase classname="tests.utils.parse_utils_test" name="test_does_file_match_custom_rule[my_base_package.package_c-custom_rules3-True]" time="0.000" /><testcase classname="tests.utils.parse_utils_test" name="test_does_file_match_custom_rule[my_base_package.package_a-custom_rules4-False]" time="0.000" /><testcase classname="tests.utils.parse_utils_test" name="test_does_file_match_custom_rule[my_base_package.package_a.mod_a-custom_rules5-False]" time="0.000" /><testcase classname="tests.utils.parse_utils_test" name="test_does_file_match_custom_rule[my_base_package.package_c-custom_rules6-True]" time="0.000" /><testcase classname="tests.utils.parse_utils_test" name="test_does_file_match_custom_rule[my_base_package.package_a-custom_rules7-True]" time="0.000" /><testcase classname="tests.utils.parse_utils_test" name="test_does_file_match_custom_rule[my_base_package.package_a.mod_a-custom_rules8-True]" time="0.000" /><testcase classname="tests.utils.parse_utils_test" name="test_does_file_match_custom_rule[my_base_package.package_c-custom_rules9-False]" time="0.000" /><testcase classname="tests.utils.parse_utils_test" name="test_does_file_match_custom_rule[my_base_package.package_a-custom_rules10-False]" time="0.000" /><testcase classname="tests.utils.parse_utils_test" name="test_does_file_match_custom_rule[my_base_package.package_a.mod_a-custom_rules11-False]" time="0.000" /><testcase classname="tests.utils.parse_utils_test" name="test_does_file_match_custom_rule[my_base_package.package_c-custom_rules12-False]" time="0.000" /><testcase classname="tests.utils.parse_utils_test" name="test_does_file_match_custom_rule[my_base_package.package_a-custom_rules13-False]" time="0.000" /><testcase classname="tests.utils.parse_utils_test" name="test_does_file_match_custom_rule[my_base_package.package_a.mod_a-custom_rules14-True]" time="0.000" /><testcase classname="tests.utils.parse_utils_test" name="test_does_import_match_restricted_imports[my_second_base_package.module_one.file_one-restricted_imports0-True]" time="0.000" /><testcase classname="tests.utils.parse_utils_test" name="test_does_import_match_restricted_imports[my_second_base_package.module_one.file_two-restricted_imports1-True]" time="0.000" /><testcase classname="tests.utils.parse_utils_test" name="test_does_import_match_restricted_imports[my_second_base_package.module_one.file_three-restricted_imports2-True]" time="0.000" /><testcase classname="tests.utils.parse_utils_test" name="test_does_import_match_restricted_imports[my_second_base_package.module_two.file_one-restricted_imports3-True]" time="0.000" /><testcase classname="tests.utils.parse_utils_test" name="test_does_import_match_restricted_imports[my_second_base_package.module_two.file_two-restricted_imports4-True]" time="0.000" /><testcase classname="tests.utils.parse_utils_test" name="test_does_import_match_restricted_imports[my_second_base_package.module_two.file_three-restricted_imports5-True]" time="0.000" /><testcase classname="tests.utils.parse_utils_test" name="test_does_import_match_restricted_imports[my_second_base_package.file-restricted_imports6-True]" time="0.000" /><testcase classname="tests.utils.parse_utils_test" name="test_does_import_match_restricted_imports[base_package.file-restricted_imports7-False]" time="0.000" /><testcase classname="tests.utils.parse_utils_test" name="test_does_import_match_restricted_imports[my_third_base_package.file-restricted_imports8-True]" time="0.000" /><testcase classname="tests.utils.parse_utils_test" name="test_retrieve_custom_rule_matches[my_second_base_package.module_one.file_one-custom_rules0-expected0]" time="0.000" /><testcase classname="tests.utils.parse_utils_test" name="test_retrieve_custom_rule_matches[my_second_base_package.module_one.file_two-custom_rules1-expected1]" time="0.000" /><testcase classname="tests.utils.parse_utils_test" name="test_retrieve_custom_rule_matches[my_second_base_package.module_two.file_one-custom_rules2-expected2]" time="0.000" /><testcase classname="tests.utils.parse_utils_test" name="test_retrieve_custom_rule_matches[my_second_base_package.module_two.file_two-custom_rules3-expected3]" time="0.000" /><testcase classname="tests.utils.parse_utils_test" name="test_retrieve_custom_rule_matches[my_second_base_package.file-custom_rules4-expected4]" time="0.000" /><testcase classname="tests.utils.parse_utils_test" name="test_retrieve_custom_rule_matches[base_package.file-custom_rules5-expected5]" time="0.002" /></testsuite></testsuites>
