==================================================================== test session starts ====================================================================
platform darwin -- Python 3.11.4, pytest-7.4.0, pluggy-1.2.0 -- /Users/rodrigogonzalez/workspace/flake8-custom-import-rules/.tox/py311/bin/python
cachedir: .tox/py311/.pytest_cache
hypothesis profile 'default' -> database=DirectoryBasedExampleDatabase('/Users/rodrigogonzalez/workspace/flake8-custom-import-rules/.hypothesis/examples')
rootdir: /Users/rodrigogonzalez/workspace/flake8-custom-import-rules
configfile: pytest.ini
plugins: hypothesis-6.82.0, cov-4.1.0, pylama-8.4.1
collecting ... ParsedFromImport(import_type=<ImportType.FUTURE: 'FUTURE'>, module='__future__', name='annotations', asname=None, lineno=2, col_offset=0, node_col_offset=0, alias_col_offset=23, level=0, package='__future__', package_names=['__future__'], private_identifier_import=False, private_module_import=False, import_statement='from __future__ import annotations', identifier='__future__.annotations')
ParsedStraightImport(import_type=<ImportType.STDLIB: 'STDLIB'>, module='sys', asname=None, lineno=4, col_offset=0, node_col_offset=0, alias_col_offset=7, package='sys', package_names=['sys'], private_identifier_import=False, private_module_import=False, import_statement='import sys, os, re', identifier='sys')
ParsedStraightImport(import_type=<ImportType.STDLIB: 'STDLIB'>, module='os', asname=None, lineno=4, col_offset=0, node_col_offset=0, alias_col_offset=12, package='os', package_names=['os'], private_identifier_import=False, private_module_import=False, import_statement='import sys, os, re', identifier='os')
ParsedStraightImport(import_type=<ImportType.STDLIB: 'STDLIB'>, module='re', asname=None, lineno=4, col_offset=0, node_col_offset=0, alias_col_offset=16, package='re', package_names=['re'], private_identifier_import=False, private_module_import=False, import_statement='import sys, os, re', identifier='re')
ParsedFromImport(import_type=<ImportType.STDLIB: 'STDLIB'>, module='sys', name='modules', asname=None, lineno=5, col_offset=0, node_col_offset=0, alias_col_offset=16, level=0, package='sys', package_names=['sys'], private_identifier_import=False, private_module_import=False, import_statement='from sys import modules', identifier='sys.modules')
ParsedFromImport(import_type=<ImportType.STDLIB: 'STDLIB'>, module='datetime', name='datetime', asname=None, lineno=6, col_offset=0, node_col_offset=0, alias_col_offset=21, level=0, package='datetime', package_names=['datetime'], private_identifier_import=False, private_module_import=False, import_statement='from datetime import datetime', identifier='datetime.datetime')
ParsedFromImport(import_type=<ImportType.STDLIB: 'STDLIB'>, module='math', name='pi', asname=None, lineno=7, col_offset=0, node_col_offset=0, alias_col_offset=17, level=0, package='math', package_names=['math'], private_identifier_import=False, private_module_import=False, import_statement='from math import pi, sqrt', identifier='math.pi')
ParsedFromImport(import_type=<ImportType.STDLIB: 'STDLIB'>, module='math', name='sqrt', asname=None, lineno=7, col_offset=0, node_col_offset=0, alias_col_offset=21, level=0, package='math', package_names=['math'], private_identifier_import=False, private_module_import=False, import_statement='from math import pi, sqrt', identifier='math.sqrt')
ParsedFromImport(import_type=<ImportType.STDLIB: 'STDLIB'>, module='uuid', name='UUID', asname=None, lineno=8, col_offset=0, node_col_offset=0, alias_col_offset=17, level=0, package='uuid', package_names=['uuid'], private_identifier_import=False, private_module_import=False, import_statement='from uuid import UUID', identifier='uuid.UUID')
ParsedFromImport(import_type=<ImportType.STDLIB: 'STDLIB'>, module='uuid', name='uuid4', asname=None, lineno=9, col_offset=0, node_col_offset=0, alias_col_offset=17, level=0, package='uuid', package_names=['uuid'], private_identifier_import=False, private_module_import=False, import_statement='from uuid import uuid4', identifier='uuid.uuid4')
ParsedStraightImport(import_type=<ImportType.THIRD_PARTY: 'THIRD_PARTY'>, module='pendulum', asname=None, lineno=11, col_offset=0, node_col_offset=0, alias_col_offset=7, package='pendulum', package_names=['pendulum'], private_identifier_import=False, private_module_import=False, import_statement='import pendulum', identifier='pendulum')
ParsedFromImport(import_type=<ImportType.THIRD_PARTY: 'THIRD_PARTY'>, module='attrs', name='define', asname=None, lineno=12, col_offset=0, node_col_offset=0, alias_col_offset=18, level=0, package='attrs', package_names=['attrs'], private_identifier_import=False, private_module_import=False, import_statement='from attrs import define', identifier='attrs.define')
ParsedFromImport(import_type=<ImportType.THIRD_PARTY: 'THIRD_PARTY'>, module='attrs', name='field', asname=None, lineno=13, col_offset=0, node_col_offset=0, alias_col_offset=18, level=0, package='attrs', package_names=['attrs'], private_identifier_import=False, private_module_import=False, import_statement='from attrs import field', identifier='attrs.field')
ParsedStraightImport(import_type=<ImportType.THIRD_PARTY: 'THIRD_PARTY'>, module='my_base_module.module_y', asname=None, lineno=15, col_offset=0, node_col_offset=0, alias_col_offset=7, package='my_base_module', package_names=['my_base_module', 'my_base_module.module_y'], private_identifier_import=False, private_module_import=False, import_statement='import my_base_module.module_y', identifier='my_base_module.module_y')
ParsedFromImport(import_type=<ImportType.THIRD_PARTY: 'THIRD_PARTY'>, module='my_base_module', name='module_z', asname=None, lineno=16, col_offset=0, node_col_offset=0, alias_col_offset=27, level=0, package='my_base_module', package_names=['my_base_module'], private_identifier_import=False, private_module_import=False, import_statement='from my_base_module import module_z', identifier='my_base_module.module_z')
ParsedFromImport(import_type=<ImportType.THIRD_PARTY: 'THIRD_PARTY'>, module='my_base_module.package_b.module_b', name='B', asname=None, lineno=17, col_offset=0, node_col_offset=0, alias_col_offset=46, level=0, package='my_base_module', package_names=['my_base_module', 'my_base_module.package_b', 'my_base_module.package_b.module_b'], private_identifier_import=False, private_module_import=False, import_statement='from my_base_module.package_b.module_b import B', identifier='my_base_module.package_b.module_b.B')
ParsedFromImport(import_type=<ImportType.THIRD_PARTY: 'THIRD_PARTY'>, module='my_base_module.package_c.module_c', name='C', asname=None, lineno=18, col_offset=0, node_col_offset=0, alias_col_offset=46, level=0, package='my_base_module', package_names=['my_base_module', 'my_base_module.package_c', 'my_base_module.package_c.module_c'], private_identifier_import=False, private_module_import=False, import_statement='from my_base_module.package_c.module_c import C', identifier='my_base_module.package_c.module_c.C')
ParsedFromImport(import_type=<ImportType.THIRD_PARTY: 'THIRD_PARTY'>, module='my_base_module.package_c.package_d.module_d', name='D', asname='DEE', lineno=19, col_offset=0, node_col_offset=0, alias_col_offset=56, level=0, package='my_base_module', package_names=['my_base_module', 'my_base_module.package_c', 'my_base_module.package_c.package_d', 'my_base_module.package_c.package_d.module_d'], private_identifier_import=False, private_module_import=False, import_statement='from my_base_module.package_c.package_d.module_d import D as DEE', identifier='my_base_module.package_c.package_d.module_d.D')
ParsedFromImport(import_type=<ImportType.RELATIVE: 'RELATIVE'>, module='module_a_relative', name='ARelative', asname=None, lineno=21, col_offset=0, node_col_offset=0, alias_col_offset=31, level=1, package='module_a_relative', package_names=['module_a_relative'], private_identifier_import=False, private_module_import=False, import_statement='from .module_a_relative import ARelative', identifier='module_a_relative.ARelative')
ParsedFromImport(import_type=<ImportType.THIRD_PARTY: 'THIRD_PARTY'>, module='my_base_module.package_c.package_e.module_e', name='OldE', asname='VersionedE', lineno=24, col_offset=4, node_col_offset=4, alias_col_offset=60, level=0, package='my_base_module', package_names=['my_base_module', 'my_base_module.package_c', 'my_base_module.package_c.package_e', 'my_base_module.package_c.package_e.module_e'], private_identifier_import=False, private_module_import=False, import_statement='from my_base_module.package_c.package_e.module_e import OldE as VersionedE', identifier='my_base_module.package_c.package_e.module_e.OldE')
ParsedFromImport(import_type=<ImportType.THIRD_PARTY: 'THIRD_PARTY'>, module='my_base_module.package_c.package_e.module_e', name='EUpdated', asname='VersionedE', lineno=26, col_offset=4, node_col_offset=4, alias_col_offset=60, level=0, package='my_base_module', package_names=['my_base_module', 'my_base_module.package_c', 'my_base_module.package_c.package_e', 'my_base_module.package_c.package_e.module_e'], private_identifier_import=False, private_module_import=False, import_statement='from my_base_module.package_c.package_e.module_e import EUpdated as VersionedE', identifier='my_base_module.package_c.package_e.module_e.EUpdated')
ParsedStraightImport(import_type=<ImportType.STDLIB: 'STDLIB'>, module='datetime', asname=None, lineno=84, col_offset=8, node_col_offset=8, alias_col_offset=15, package='datetime', package_names=['datetime'], private_identifier_import=False, private_module_import=False, import_statement='import datetime', identifier='datetime')
ParsedFromImport(import_type=<ImportType.THIRD_PARTY: 'THIRD_PARTY'>, module='my_base_module.module_x', name='X', asname=None, lineno=86, col_offset=8, node_col_offset=8, alias_col_offset=44, level=0, package='my_base_module', package_names=['my_base_module', 'my_base_module.module_x'], private_identifier_import=False, private_module_import=False, import_statement='from my_base_module.module_x import X', identifier='my_base_module.module_x.X')
ParsedFromImport(import_type=<ImportType.THIRD_PARTY: 'THIRD_PARTY'>, module='my_base_module.module_x', name='print_x', asname=None, lineno=87, col_offset=8, node_col_offset=8, alias_col_offset=44, level=0, package='my_base_module', package_names=['my_base_module', 'my_base_module.module_x'], private_identifier_import=False, private_module_import=False, import_statement='from my_base_module.module_x import print_x', identifier='my_base_module.module_x.print_x')
ParsedStraightImport(import_type=<ImportType.STDLIB: 'STDLIB'>, module='importlib', asname=None, lineno=114, col_offset=8, node_col_offset=8, alias_col_offset=15, package='importlib', package_names=['importlib'], private_identifier_import=False, private_module_import=False, import_statement='import importlib', identifier='importlib')
ParsedFromImport(import_type=<ImportType.STDLIB: 'STDLIB'>, module='importlib', name='import_module', asname=None, lineno=125, col_offset=8, node_col_offset=8, alias_col_offset=30, level=0, package='importlib', package_names=['importlib'], private_identifier_import=False, private_module_import=False, import_statement='from importlib import import_module', identifier='importlib.import_module')
ParsedStraightImport(import_type=<ImportType.STDLIB: 'STDLIB'>, module='pkgutil', asname=None, lineno=155, col_offset=8, node_col_offset=8, alias_col_offset=15, package='pkgutil', package_names=['pkgutil'], private_identifier_import=False, private_module_import=False, import_statement='import pkgutil', identifier='pkgutil')
collected 720 items

tests/defaults_test.py::test_convert_to_list[None-expected0] PASSED
tests/defaults_test.py::test_convert_to_list[-expected1] PASSED
tests/defaults_test.py::test_convert_to_list[test, example-expected2] PASSED
tests/defaults_test.py::test_convert_to_list[test_case3-expected3] PASSED
tests/defaults_test.py::test_convert_to_list[  test ,  example  -expected4] PASSED
tests/defaults_test.py::test_convert_to_list[test,,example-expected5] PASSED
tests/defaults_test.py::test_convert_to_list[test_case6-expected6] PASSED
tests/defaults_test.py::test_convert_to_dict__return_empty_dict[-expected0-empty] PASSED
tests/defaults_test.py::test_convert_to_dict__return_empty_dict[-expected0-colon] PASSED
tests/defaults_test.py::test_convert_to_dict__return_empty_dict[-expected0-semicolon] PASSED
tests/defaults_test.py::test_convert_to_dict__return_empty_dict[:-expected1-empty] PASSED
tests/defaults_test.py::test_convert_to_dict__return_empty_dict[:-expected1-colon] PASSED
tests/defaults_test.py::test_convert_to_dict__return_empty_dict[:-expected1-semicolon] PASSED
tests/defaults_test.py::test_convert_to_dict__return_empty_dict[;-expected2-empty] PASSED
tests/defaults_test.py::test_convert_to_dict__return_empty_dict[;-expected2-colon] PASSED
tests/defaults_test.py::test_convert_to_dict__return_empty_dict[;-expected2-semicolon] PASSED
tests/defaults_test.py::test_convert_to_dict__return_empty_dict[ -expected3-empty] PASSED
tests/defaults_test.py::test_convert_to_dict__return_empty_dict[ -expected3-colon] PASSED
tests/defaults_test.py::test_convert_to_dict__return_empty_dict[ -expected3-semicolon] PASSED
tests/defaults_test.py::test_convert_to_dict__return_empty_dict[None-expected4-empty] PASSED
tests/defaults_test.py::test_convert_to_dict__return_empty_dict[None-expected4-colon] PASSED
tests/defaults_test.py::test_convert_to_dict__return_empty_dict[None-expected4-semicolon] PASSED
tests/defaults_test.py::test_convert_to_dict[test:example-:-expected0] PASSED
tests/defaults_test.py::test_convert_to_dict[test:-:-expected1] PASSED
tests/defaults_test.py::test_convert_to_dict[test-:-expected2] PASSED
tests/defaults_test.py::test_convert_to_dict[test:a,b-:-expected3] PASSED
tests/defaults_test.py::test_convert_to_dict[test:a,b,-:-expected4] PASSED
tests/defaults_test.py::test_convert_to_dict[test:,a,b-:-expected5] PASSED
tests/defaults_test.py::test_convert_to_dict[test:,a,b,-:-expected6] PASSED
tests/defaults_test.py::test_convert_to_dict[test:,a,b,,-:-expected7] PASSED
tests/defaults_test.py::test_convert_to_dict[test:a,b,c-:-expected8] PASSED
tests/defaults_test.py::test_convert_to_dict[test: a , b , c -:-expected9] PASSED
tests/defaults_test.py::test_convert_to_dict[test;example-;-expected10] PASSED
tests/defaults_test.py::test_convert_to_dict[test;-;-expected11] PASSED
tests/defaults_test.py::test_convert_to_dict[test-;-expected12] PASSED
tests/defaults_test.py::test_convert_to_dict[test;a,b-;-expected13] PASSED
tests/defaults_test.py::test_convert_to_dict[test;a,b,-;-expected14] PASSED
tests/defaults_test.py::test_convert_to_dict[test;,a,b-;-expected15] PASSED
tests/defaults_test.py::test_convert_to_dict[test;,a,b,-;-expected16] PASSED
tests/defaults_test.py::test_convert_to_dict[test;,a,b,,-;-expected17] PASSED
tests/defaults_test.py::test_convert_to_dict[test;a,b,c-;-expected18] PASSED
tests/defaults_test.py::test_convert_to_dict[test; a , b , c -;-expected19] PASSED
tests/flake8_plugin_test.py::test_parsing[--base-packages=my_base_module-BASE_PACKAGES-expected0] PASSED
tests/flake8_plugin_test.py::test_parsing[--base-packages=my_base_module,second_base_module-BASE_PACKAGES-expected1] PASSED
tests/flake8_plugin_test.py::test_parsing[--import-restrictions=my_base_package.package_A:my_base_package.package_B,my_base_package/module_X.py:my_base_package/module_Y.py-IMPORT_RESTRICTIONS-expected2] PASSED
tests/flake8_plugin_test.py::test_parsing[--import-restrictions=my_base_package.package_A:my_base_package.package_B:my_base_package.package_C,my_base_package/module_X.py:my_base_package/module_Y.py-IMPORT_RESTRICTIONS-expected3] PASSED
tests/flake8_plugin_test.py::test_parsing[--import-restrictions=my_base_package.package_A:my_base_package.package_B:my_base_package.package_C,my_base_package/module_X.py:my_base_package/module_Y.py:my_base_package/module_Z.py-IMPORT_RESTRICTIONS-expected4] PASSED
tests/flake8_plugin_test.py::test_parsing[--import-restrictions=my_base_package.package_A:my_base_package.package_B:my_base_package.package_C,my_base_package/module_X.py:my_base_package/module_Y.py,my_base_package.package_A:my_base_package.package_D-IMPORT_RESTRICTIONS-expected5] PASSED
tests/flake8_plugin_test.py::test_linter PASSED
tests/codes/error_codes_test.py::test_get_error_codes PASSED
tests/codes/error_codes_test.py::test_get_all_project_import_rule_codes PASSED
tests/codes/error_codes_test.py::test_get_all_custom_import_rule_codes PASSED
tests/codes/error_codes_test.py::test_get_error_code__errors[1] PASSED
tests/codes/error_codes_test.py::test_get_error_code__errors[2.0] PASSED
tests/codes/error_codes_test.py::test_get_error_code__errors[True] PASSED
tests/codes/error_codes_test.py::test_get_error_code__errors[False] PASSED
tests/codes/error_codes_test.py::test_get_error_code__errors[None] PASSED
tests/codes/error_codes_test.py::test_get_error_code__errors[other_types5] PASSED
tests/codes/error_codes_test.py::test_get_error_code__errors[other_types6] PASSED
tests/codes/error_codes_test.py::test_get_error_code__errors[other_types7] PASSED
tests/codes/error_codes_test.py::test_get_error_code__errors[other_types8] PASSED
tests/codes/error_codes_test.py::test_get_error_code__str[PIR101] PASSED
tests/codes/error_codes_test.py::test_get_error_code__str[PIR102] PASSED
tests/codes/error_codes_test.py::test_get_error_code__str[PIR103] PASSED
tests/codes/error_codes_test.py::test_get_error_code__str[PIR104] PASSED
tests/codes/error_codes_test.py::test_get_error_code__str[PIR105] PASSED
tests/codes/error_codes_test.py::test_get_error_code__str[PIR106] PASSED
tests/codes/error_codes_test.py::test_get_error_code__str[PIR107] PASSED
tests/codes/error_codes_test.py::test_get_error_code__str[PIR108] PASSED
tests/codes/error_codes_test.py::test_get_error_code__str[PIR109] PASSED
tests/codes/error_codes_test.py::test_get_error_code__str[PIR201] PASSED
tests/codes/error_codes_test.py::test_get_error_code__str[PIR202] PASSED
tests/codes/error_codes_test.py::test_get_error_code__str[PIR203] PASSED
tests/codes/error_codes_test.py::test_get_error_code__str[PIR204] PASSED
tests/codes/error_codes_test.py::test_get_error_code__str[PIR205] PASSED
tests/codes/error_codes_test.py::test_get_error_code__str[PIR206] PASSED
tests/codes/error_codes_test.py::test_get_error_code__str[PIR207] PASSED
tests/codes/error_codes_test.py::test_get_error_code__str[PIR208] PASSED
tests/codes/error_codes_test.py::test_get_error_code__str[PIR209] PASSED
tests/codes/error_codes_test.py::test_get_error_code__str[PIR210] PASSED
tests/codes/error_codes_test.py::test_get_error_code__str[PIR301] PASSED
tests/codes/error_codes_test.py::test_get_error_code__str[PIR302] PASSED
tests/codes/error_codes_test.py::test_get_error_code__str[CIR101] PASSED
tests/codes/error_codes_test.py::test_get_error_code__str[CIR102] PASSED
tests/codes/error_codes_test.py::test_get_error_code__str[CIR103] PASSED
tests/codes/error_codes_test.py::test_get_error_code__str[CIR104] PASSED
tests/codes/error_codes_test.py::test_get_error_code__str[CIR105] PASSED
tests/codes/error_codes_test.py::test_get_error_code__str[CIR106] PASSED
tests/codes/error_codes_test.py::test_get_error_code__str[CIR107] PASSED
tests/codes/error_codes_test.py::test_get_error_code__str[CIR201] PASSED
tests/codes/error_codes_test.py::test_get_error_code__str[CIR202] PASSED
tests/codes/error_codes_test.py::test_get_error_code__str[CIR203] PASSED
tests/codes/error_codes_test.py::test_get_error_code__str[CIR204] PASSED
tests/codes/error_codes_test.py::test_get_error_code__str[CIR205] PASSED
tests/codes/error_codes_test.py::test_get_error_code__str[CIR206] PASSED
tests/codes/error_codes_test.py::test_get_error_code__str[CIR301] PASSED
tests/codes/error_codes_test.py::test_get_error_code__str[CIR302] PASSED
tests/codes/error_codes_test.py::test_get_error_code__str[CIR303] PASSED
tests/codes/error_codes_test.py::test_get_error_code__str[CIR304] PASSED
tests/codes/error_codes_test.py::test_get_error_code__str[CIR401] PASSED
tests/codes/error_codes_test.py::test_get_error_code__str[CIR402] PASSED
tests/codes/error_codes_test.py::test_get_error_code__str[CIR501] PASSED
tests/codes/error_codes_test.py::test_get_error_code__str[CIR502] PASSED
tests/codes/error_codes_test.py::test_get_error_code__str_error[some_string] PASSED
tests/codes/error_codes_test.py::test_get_error_code__str_error[] PASSED
tests/codes/error_codes_test.py::test_get_error_code__str_error[PIR9999] PASSED
tests/codes/error_codes_test.py::test_get_error_code__str_error[CIR9999] PASSED
tests/codes/error_codes_test.py::test_get_error_code__enum[ErrorCode.PIR101] PASSED
tests/codes/error_codes_test.py::test_get_error_code__enum[ErrorCode.PIR102] PASSED
tests/codes/error_codes_test.py::test_get_error_code__enum[ErrorCode.PIR103] PASSED
tests/codes/error_codes_test.py::test_get_error_code__enum[ErrorCode.PIR104] PASSED
tests/codes/error_codes_test.py::test_get_error_code__enum[ErrorCode.PIR105] PASSED
tests/codes/error_codes_test.py::test_get_error_code__enum[ErrorCode.PIR106] PASSED
tests/codes/error_codes_test.py::test_get_error_code__enum[ErrorCode.PIR107] PASSED
tests/codes/error_codes_test.py::test_get_error_code__enum[ErrorCode.PIR108] PASSED
tests/codes/error_codes_test.py::test_get_error_code__enum[ErrorCode.PIR109] PASSED
tests/codes/error_codes_test.py::test_get_error_code__enum[ErrorCode.PIR201] PASSED
tests/codes/error_codes_test.py::test_get_error_code__enum[ErrorCode.PIR202] PASSED
tests/codes/error_codes_test.py::test_get_error_code__enum[ErrorCode.PIR203] PASSED
tests/codes/error_codes_test.py::test_get_error_code__enum[ErrorCode.PIR204] PASSED
tests/codes/error_codes_test.py::test_get_error_code__enum[ErrorCode.PIR205] PASSED
tests/codes/error_codes_test.py::test_get_error_code__enum[ErrorCode.PIR206] PASSED
tests/codes/error_codes_test.py::test_get_error_code__enum[ErrorCode.PIR207] PASSED
tests/codes/error_codes_test.py::test_get_error_code__enum[ErrorCode.PIR208] PASSED
tests/codes/error_codes_test.py::test_get_error_code__enum[ErrorCode.PIR209] PASSED
tests/codes/error_codes_test.py::test_get_error_code__enum[ErrorCode.PIR210] PASSED
tests/codes/error_codes_test.py::test_get_error_code__enum[ErrorCode.PIR301] PASSED
tests/codes/error_codes_test.py::test_get_error_code__enum[ErrorCode.PIR302] PASSED
tests/codes/error_codes_test.py::test_get_error_code__enum[ErrorCode.CIR101] PASSED
tests/codes/error_codes_test.py::test_get_error_code__enum[ErrorCode.CIR102] PASSED
tests/codes/error_codes_test.py::test_get_error_code__enum[ErrorCode.CIR103] PASSED
tests/codes/error_codes_test.py::test_get_error_code__enum[ErrorCode.CIR104] PASSED
tests/codes/error_codes_test.py::test_get_error_code__enum[ErrorCode.CIR105] PASSED
tests/codes/error_codes_test.py::test_get_error_code__enum[ErrorCode.CIR106] PASSED
tests/codes/error_codes_test.py::test_get_error_code__enum[ErrorCode.CIR107] PASSED
tests/codes/error_codes_test.py::test_get_error_code__enum[ErrorCode.CIR201] PASSED
tests/codes/error_codes_test.py::test_get_error_code__enum[ErrorCode.CIR202] PASSED
tests/codes/error_codes_test.py::test_get_error_code__enum[ErrorCode.CIR203] PASSED
tests/codes/error_codes_test.py::test_get_error_code__enum[ErrorCode.CIR204] PASSED
tests/codes/error_codes_test.py::test_get_error_code__enum[ErrorCode.CIR205] PASSED
tests/codes/error_codes_test.py::test_get_error_code__enum[ErrorCode.CIR206] PASSED
tests/codes/error_codes_test.py::test_get_error_code__enum[ErrorCode.CIR301] PASSED
tests/codes/error_codes_test.py::test_get_error_code__enum[ErrorCode.CIR302] PASSED
tests/codes/error_codes_test.py::test_get_error_code__enum[ErrorCode.CIR303] PASSED
tests/codes/error_codes_test.py::test_get_error_code__enum[ErrorCode.CIR304] PASSED
tests/codes/error_codes_test.py::test_get_error_code__enum[ErrorCode.CIR401] PASSED
tests/codes/error_codes_test.py::test_get_error_code__enum[ErrorCode.CIR402] PASSED
tests/codes/error_codes_test.py::test_get_error_code__enum[ErrorCode.CIR501] PASSED
tests/codes/error_codes_test.py::test_get_error_code__enum[ErrorCode.CIR502] PASSED
tests/codes/error_codes_test.py::test_get_error_message__errors[1] PASSED
tests/codes/error_codes_test.py::test_get_error_message__errors[2.0] PASSED
tests/codes/error_codes_test.py::test_get_error_message__errors[True] PASSED
tests/codes/error_codes_test.py::test_get_error_message__errors[False] PASSED
tests/codes/error_codes_test.py::test_get_error_message__errors[None] PASSED
tests/codes/error_codes_test.py::test_get_error_message__errors[other_types5] PASSED
tests/codes/error_codes_test.py::test_get_error_message__errors[other_types6] PASSED
tests/codes/error_codes_test.py::test_get_error_message__errors[other_types7] PASSED
tests/codes/error_codes_test.py::test_get_error_message__errors[other_types8] PASSED
tests/codes/error_codes_test.py::test_get_error_code_message__str_error[some_string] PASSED
tests/codes/error_codes_test.py::test_get_error_code_message__str_error[] PASSED
tests/codes/error_codes_test.py::test_get_error_code_message__str_error[PIR9999] PASSED
tests/codes/error_codes_test.py::test_get_error_code_message__str_error[CIR9999] PASSED
tests/codes/error_codes_test.py::test_get_error_code_message__str[PIR101-ErrorCode.PIR101] PASSED
tests/codes/error_codes_test.py::test_get_error_code_message__str[PIR102-ErrorCode.PIR102] PASSED
tests/codes/error_codes_test.py::test_get_error_code_message__str[PIR103-ErrorCode.PIR103] PASSED
tests/codes/error_codes_test.py::test_get_error_code_message__str[PIR104-ErrorCode.PIR104] PASSED
tests/codes/error_codes_test.py::test_get_error_code_message__str[PIR105-ErrorCode.PIR105] PASSED
tests/codes/error_codes_test.py::test_get_error_code_message__str[PIR106-ErrorCode.PIR106] PASSED
tests/codes/error_codes_test.py::test_get_error_code_message__str[PIR107-ErrorCode.PIR107] PASSED
tests/codes/error_codes_test.py::test_get_error_code_message__str[PIR108-ErrorCode.PIR108] PASSED
tests/codes/error_codes_test.py::test_get_error_code_message__str[PIR109-ErrorCode.PIR109] PASSED
tests/codes/error_codes_test.py::test_get_error_code_message__str[PIR201-ErrorCode.PIR201] PASSED
tests/codes/error_codes_test.py::test_get_error_code_message__str[PIR202-ErrorCode.PIR202] PASSED
tests/codes/error_codes_test.py::test_get_error_code_message__str[PIR203-ErrorCode.PIR203] PASSED
tests/codes/error_codes_test.py::test_get_error_code_message__str[PIR204-ErrorCode.PIR204] PASSED
tests/codes/error_codes_test.py::test_get_error_code_message__str[PIR205-ErrorCode.PIR205] PASSED
tests/codes/error_codes_test.py::test_get_error_code_message__str[PIR206-ErrorCode.PIR206] PASSED
tests/codes/error_codes_test.py::test_get_error_code_message__str[PIR207-ErrorCode.PIR207] PASSED
tests/codes/error_codes_test.py::test_get_error_code_message__str[PIR208-ErrorCode.PIR208] PASSED
tests/codes/error_codes_test.py::test_get_error_code_message__str[PIR209-ErrorCode.PIR209] PASSED
tests/codes/error_codes_test.py::test_get_error_code_message__str[PIR210-ErrorCode.PIR210] PASSED
tests/codes/error_codes_test.py::test_get_error_code_message__str[PIR301-ErrorCode.PIR301] PASSED
tests/codes/error_codes_test.py::test_get_error_code_message__str[PIR302-ErrorCode.PIR302] PASSED
tests/codes/error_codes_test.py::test_get_error_code_message__str[CIR101-ErrorCode.CIR101] PASSED
tests/codes/error_codes_test.py::test_get_error_code_message__str[CIR102-ErrorCode.CIR102] PASSED
tests/codes/error_codes_test.py::test_get_error_code_message__str[CIR103-ErrorCode.CIR103] PASSED
tests/codes/error_codes_test.py::test_get_error_code_message__str[CIR104-ErrorCode.CIR104] PASSED
tests/codes/error_codes_test.py::test_get_error_code_message__str[CIR105-ErrorCode.CIR105] PASSED
tests/codes/error_codes_test.py::test_get_error_code_message__str[CIR106-ErrorCode.CIR106] PASSED
tests/codes/error_codes_test.py::test_get_error_code_message__str[CIR107-ErrorCode.CIR107] PASSED
tests/codes/error_codes_test.py::test_get_error_code_message__str[CIR201-ErrorCode.CIR201] PASSED
tests/codes/error_codes_test.py::test_get_error_code_message__str[CIR202-ErrorCode.CIR202] PASSED
tests/codes/error_codes_test.py::test_get_error_code_message__str[CIR203-ErrorCode.CIR203] PASSED
tests/codes/error_codes_test.py::test_get_error_code_message__str[CIR204-ErrorCode.CIR204] PASSED
tests/codes/error_codes_test.py::test_get_error_code_message__str[CIR205-ErrorCode.CIR205] PASSED
tests/codes/error_codes_test.py::test_get_error_code_message__str[CIR206-ErrorCode.CIR206] PASSED
tests/codes/error_codes_test.py::test_get_error_code_message__str[CIR301-ErrorCode.CIR301] PASSED
tests/codes/error_codes_test.py::test_get_error_code_message__str[CIR302-ErrorCode.CIR302] PASSED
tests/codes/error_codes_test.py::test_get_error_code_message__str[CIR303-ErrorCode.CIR303] PASSED
tests/codes/error_codes_test.py::test_get_error_code_message__str[CIR304-ErrorCode.CIR304] PASSED
tests/codes/error_codes_test.py::test_get_error_code_message__str[CIR401-ErrorCode.CIR401] PASSED
tests/codes/error_codes_test.py::test_get_error_code_message__str[CIR402-ErrorCode.CIR402] PASSED
tests/codes/error_codes_test.py::test_get_error_code_message__str[CIR501-ErrorCode.CIR501] PASSED
tests/codes/error_codes_test.py::test_get_error_code_message__str[CIR502-ErrorCode.CIR502] PASSED
tests/codes/error_codes_test.py::test_get_error_code_message__enum[ErrorCode.PIR101] PASSED
tests/codes/error_codes_test.py::test_get_error_code_message__enum[ErrorCode.PIR102] PASSED
tests/codes/error_codes_test.py::test_get_error_code_message__enum[ErrorCode.PIR103] PASSED
tests/codes/error_codes_test.py::test_get_error_code_message__enum[ErrorCode.PIR104] PASSED
tests/codes/error_codes_test.py::test_get_error_code_message__enum[ErrorCode.PIR105] PASSED
tests/codes/error_codes_test.py::test_get_error_code_message__enum[ErrorCode.PIR106] PASSED
tests/codes/error_codes_test.py::test_get_error_code_message__enum[ErrorCode.PIR107] PASSED
tests/codes/error_codes_test.py::test_get_error_code_message__enum[ErrorCode.PIR108] PASSED
tests/codes/error_codes_test.py::test_get_error_code_message__enum[ErrorCode.PIR109] PASSED
tests/codes/error_codes_test.py::test_get_error_code_message__enum[ErrorCode.PIR201] PASSED
tests/codes/error_codes_test.py::test_get_error_code_message__enum[ErrorCode.PIR202] PASSED
tests/codes/error_codes_test.py::test_get_error_code_message__enum[ErrorCode.PIR203] PASSED
tests/codes/error_codes_test.py::test_get_error_code_message__enum[ErrorCode.PIR204] PASSED
tests/codes/error_codes_test.py::test_get_error_code_message__enum[ErrorCode.PIR205] PASSED
tests/codes/error_codes_test.py::test_get_error_code_message__enum[ErrorCode.PIR206] PASSED
tests/codes/error_codes_test.py::test_get_error_code_message__enum[ErrorCode.PIR207] PASSED
tests/codes/error_codes_test.py::test_get_error_code_message__enum[ErrorCode.PIR208] PASSED
tests/codes/error_codes_test.py::test_get_error_code_message__enum[ErrorCode.PIR209] PASSED
tests/codes/error_codes_test.py::test_get_error_code_message__enum[ErrorCode.PIR210] PASSED
tests/codes/error_codes_test.py::test_get_error_code_message__enum[ErrorCode.PIR301] PASSED
tests/codes/error_codes_test.py::test_get_error_code_message__enum[ErrorCode.PIR302] PASSED
tests/codes/error_codes_test.py::test_get_error_code_message__enum[ErrorCode.CIR101] PASSED
tests/codes/error_codes_test.py::test_get_error_code_message__enum[ErrorCode.CIR102] PASSED
tests/codes/error_codes_test.py::test_get_error_code_message__enum[ErrorCode.CIR103] PASSED
tests/codes/error_codes_test.py::test_get_error_code_message__enum[ErrorCode.CIR104] PASSED
tests/codes/error_codes_test.py::test_get_error_code_message__enum[ErrorCode.CIR105] PASSED
tests/codes/error_codes_test.py::test_get_error_code_message__enum[ErrorCode.CIR106] PASSED
tests/codes/error_codes_test.py::test_get_error_code_message__enum[ErrorCode.CIR107] PASSED
tests/codes/error_codes_test.py::test_get_error_code_message__enum[ErrorCode.CIR201] PASSED
tests/codes/error_codes_test.py::test_get_error_code_message__enum[ErrorCode.CIR202] PASSED
tests/codes/error_codes_test.py::test_get_error_code_message__enum[ErrorCode.CIR203] PASSED
tests/codes/error_codes_test.py::test_get_error_code_message__enum[ErrorCode.CIR204] PASSED
tests/codes/error_codes_test.py::test_get_error_code_message__enum[ErrorCode.CIR205] PASSED
tests/codes/error_codes_test.py::test_get_error_code_message__enum[ErrorCode.CIR206] PASSED
tests/codes/error_codes_test.py::test_get_error_code_message__enum[ErrorCode.CIR301] PASSED
tests/codes/error_codes_test.py::test_get_error_code_message__enum[ErrorCode.CIR302] PASSED
tests/codes/error_codes_test.py::test_get_error_code_message__enum[ErrorCode.CIR303] PASSED
tests/codes/error_codes_test.py::test_get_error_code_message__enum[ErrorCode.CIR304] PASSED
tests/codes/error_codes_test.py::test_get_error_code_message__enum[ErrorCode.CIR401] PASSED
tests/codes/error_codes_test.py::test_get_error_code_message__enum[ErrorCode.CIR402] PASSED
tests/codes/error_codes_test.py::test_get_error_code_message__enum[ErrorCode.CIR501] PASSED
tests/codes/error_codes_test.py::test_get_error_code_message__enum[ErrorCode.CIR502] PASSED
tests/codes/error_codes_test.py::test_can_instantiate_using_error_code__str[PIR101] PASSED
tests/codes/error_codes_test.py::test_can_instantiate_using_error_code__str[PIR102] PASSED
tests/codes/error_codes_test.py::test_can_instantiate_using_error_code__str[PIR103] PASSED
tests/codes/error_codes_test.py::test_can_instantiate_using_error_code__str[PIR104] PASSED
tests/codes/error_codes_test.py::test_can_instantiate_using_error_code__str[PIR105] PASSED
tests/codes/error_codes_test.py::test_can_instantiate_using_error_code__str[PIR106] PASSED
tests/codes/error_codes_test.py::test_can_instantiate_using_error_code__str[PIR107] PASSED
tests/codes/error_codes_test.py::test_can_instantiate_using_error_code__str[PIR108] PASSED
tests/codes/error_codes_test.py::test_can_instantiate_using_error_code__str[PIR109] PASSED
tests/codes/error_codes_test.py::test_can_instantiate_using_error_code__str[PIR201] PASSED
tests/codes/error_codes_test.py::test_can_instantiate_using_error_code__str[PIR202] PASSED
tests/codes/error_codes_test.py::test_can_instantiate_using_error_code__str[PIR203] PASSED
tests/codes/error_codes_test.py::test_can_instantiate_using_error_code__str[PIR204] PASSED
tests/codes/error_codes_test.py::test_can_instantiate_using_error_code__str[PIR205] PASSED
tests/codes/error_codes_test.py::test_can_instantiate_using_error_code__str[PIR206] PASSED
tests/codes/error_codes_test.py::test_can_instantiate_using_error_code__str[PIR207] PASSED
tests/codes/error_codes_test.py::test_can_instantiate_using_error_code__str[PIR208] PASSED
tests/codes/error_codes_test.py::test_can_instantiate_using_error_code__str[PIR209] PASSED
tests/codes/error_codes_test.py::test_can_instantiate_using_error_code__str[PIR210] PASSED
tests/codes/error_codes_test.py::test_can_instantiate_using_error_code__str[PIR301] PASSED
tests/codes/error_codes_test.py::test_can_instantiate_using_error_code__str[PIR302] PASSED
tests/codes/error_codes_test.py::test_can_instantiate_using_error_code__str[CIR101] PASSED
tests/codes/error_codes_test.py::test_can_instantiate_using_error_code__str[CIR102] PASSED
tests/codes/error_codes_test.py::test_can_instantiate_using_error_code__str[CIR103] PASSED
tests/codes/error_codes_test.py::test_can_instantiate_using_error_code__str[CIR104] PASSED
tests/codes/error_codes_test.py::test_can_instantiate_using_error_code__str[CIR105] PASSED
tests/codes/error_codes_test.py::test_can_instantiate_using_error_code__str[CIR106] PASSED
tests/codes/error_codes_test.py::test_can_instantiate_using_error_code__str[CIR107] PASSED
tests/codes/error_codes_test.py::test_can_instantiate_using_error_code__str[CIR201] PASSED
tests/codes/error_codes_test.py::test_can_instantiate_using_error_code__str[CIR202] PASSED
tests/codes/error_codes_test.py::test_can_instantiate_using_error_code__str[CIR203] PASSED
tests/codes/error_codes_test.py::test_can_instantiate_using_error_code__str[CIR204] PASSED
tests/codes/error_codes_test.py::test_can_instantiate_using_error_code__str[CIR205] PASSED
tests/codes/error_codes_test.py::test_can_instantiate_using_error_code__str[CIR206] PASSED
tests/codes/error_codes_test.py::test_can_instantiate_using_error_code__str[CIR301] PASSED
tests/codes/error_codes_test.py::test_can_instantiate_using_error_code__str[CIR302] PASSED
tests/codes/error_codes_test.py::test_can_instantiate_using_error_code__str[CIR303] PASSED
tests/codes/error_codes_test.py::test_can_instantiate_using_error_code__str[CIR304] PASSED
tests/codes/error_codes_test.py::test_can_instantiate_using_error_code__str[CIR401] PASSED
tests/codes/error_codes_test.py::test_can_instantiate_using_error_code__str[CIR402] PASSED
tests/codes/error_codes_test.py::test_can_instantiate_using_error_code__str[CIR501] PASSED
tests/codes/error_codes_test.py::test_can_instantiate_using_error_code__str[CIR502] PASSED
tests/codes/error_codes_test.py::test_instantiate_using_error_code__error_wrong_code[some_string] PASSED
tests/codes/error_codes_test.py::test_instantiate_using_error_code__error_wrong_code[] PASSED
tests/codes/error_codes_test.py::test_instantiate_using_error_code__error_wrong_code[PIR9999] PASSED
tests/codes/error_codes_test.py::test_instantiate_using_error_code__error_wrong_code[CIR9999] PASSED
tests/codes/error_codes_test.py::test_can_instantiate_using_error_code__enum[ErrorCode.PIR101] PASSED
tests/codes/error_codes_test.py::test_can_instantiate_using_error_code__enum[ErrorCode.PIR102] PASSED
tests/codes/error_codes_test.py::test_can_instantiate_using_error_code__enum[ErrorCode.PIR103] PASSED
tests/codes/error_codes_test.py::test_can_instantiate_using_error_code__enum[ErrorCode.PIR104] PASSED
tests/codes/error_codes_test.py::test_can_instantiate_using_error_code__enum[ErrorCode.PIR105] PASSED
tests/codes/error_codes_test.py::test_can_instantiate_using_error_code__enum[ErrorCode.PIR106] PASSED
tests/codes/error_codes_test.py::test_can_instantiate_using_error_code__enum[ErrorCode.PIR107] PASSED
tests/codes/error_codes_test.py::test_can_instantiate_using_error_code__enum[ErrorCode.PIR108] PASSED
tests/codes/error_codes_test.py::test_can_instantiate_using_error_code__enum[ErrorCode.PIR109] PASSED
tests/codes/error_codes_test.py::test_can_instantiate_using_error_code__enum[ErrorCode.PIR201] PASSED
tests/codes/error_codes_test.py::test_can_instantiate_using_error_code__enum[ErrorCode.PIR202] PASSED
tests/codes/error_codes_test.py::test_can_instantiate_using_error_code__enum[ErrorCode.PIR203] PASSED
tests/codes/error_codes_test.py::test_can_instantiate_using_error_code__enum[ErrorCode.PIR204] PASSED
tests/codes/error_codes_test.py::test_can_instantiate_using_error_code__enum[ErrorCode.PIR205] PASSED
tests/codes/error_codes_test.py::test_can_instantiate_using_error_code__enum[ErrorCode.PIR206] PASSED
tests/codes/error_codes_test.py::test_can_instantiate_using_error_code__enum[ErrorCode.PIR207] PASSED
tests/codes/error_codes_test.py::test_can_instantiate_using_error_code__enum[ErrorCode.PIR208] PASSED
tests/codes/error_codes_test.py::test_can_instantiate_using_error_code__enum[ErrorCode.PIR209] PASSED
tests/codes/error_codes_test.py::test_can_instantiate_using_error_code__enum[ErrorCode.PIR210] PASSED
tests/codes/error_codes_test.py::test_can_instantiate_using_error_code__enum[ErrorCode.PIR301] PASSED
tests/codes/error_codes_test.py::test_can_instantiate_using_error_code__enum[ErrorCode.PIR302] PASSED
tests/codes/error_codes_test.py::test_can_instantiate_using_error_code__enum[ErrorCode.CIR101] PASSED
tests/codes/error_codes_test.py::test_can_instantiate_using_error_code__enum[ErrorCode.CIR102] PASSED
tests/codes/error_codes_test.py::test_can_instantiate_using_error_code__enum[ErrorCode.CIR103] PASSED
tests/codes/error_codes_test.py::test_can_instantiate_using_error_code__enum[ErrorCode.CIR104] PASSED
tests/codes/error_codes_test.py::test_can_instantiate_using_error_code__enum[ErrorCode.CIR105] PASSED
tests/codes/error_codes_test.py::test_can_instantiate_using_error_code__enum[ErrorCode.CIR106] PASSED
tests/codes/error_codes_test.py::test_can_instantiate_using_error_code__enum[ErrorCode.CIR107] PASSED
tests/codes/error_codes_test.py::test_can_instantiate_using_error_code__enum[ErrorCode.CIR201] PASSED
tests/codes/error_codes_test.py::test_can_instantiate_using_error_code__enum[ErrorCode.CIR202] PASSED
tests/codes/error_codes_test.py::test_can_instantiate_using_error_code__enum[ErrorCode.CIR203] PASSED
tests/codes/error_codes_test.py::test_can_instantiate_using_error_code__enum[ErrorCode.CIR204] PASSED
tests/codes/error_codes_test.py::test_can_instantiate_using_error_code__enum[ErrorCode.CIR205] PASSED
tests/codes/error_codes_test.py::test_can_instantiate_using_error_code__enum[ErrorCode.CIR206] PASSED
tests/codes/error_codes_test.py::test_can_instantiate_using_error_code__enum[ErrorCode.CIR301] PASSED
tests/codes/error_codes_test.py::test_can_instantiate_using_error_code__enum[ErrorCode.CIR302] PASSED
tests/codes/error_codes_test.py::test_can_instantiate_using_error_code__enum[ErrorCode.CIR303] PASSED
tests/codes/error_codes_test.py::test_can_instantiate_using_error_code__enum[ErrorCode.CIR304] PASSED
tests/codes/error_codes_test.py::test_can_instantiate_using_error_code__enum[ErrorCode.CIR401] PASSED
tests/codes/error_codes_test.py::test_can_instantiate_using_error_code__enum[ErrorCode.CIR402] PASSED
tests/codes/error_codes_test.py::test_can_instantiate_using_error_code__enum[ErrorCode.CIR501] PASSED
tests/codes/error_codes_test.py::test_can_instantiate_using_error_code__enum[ErrorCode.CIR502] PASSED
tests/codes/error_codes_test.py::test_can_instantiate_using_error_code__error_wrong_type[1] PASSED
tests/codes/error_codes_test.py::test_can_instantiate_using_error_code__error_wrong_type[2.0] PASSED
tests/codes/error_codes_test.py::test_can_instantiate_using_error_code__error_wrong_type[True] PASSED
tests/codes/error_codes_test.py::test_can_instantiate_using_error_code__error_wrong_type[False] PASSED
tests/codes/error_codes_test.py::test_can_instantiate_using_error_code__error_wrong_type[None] PASSED
tests/codes/error_codes_test.py::test_can_instantiate_using_error_code__error_wrong_type[other_types5] PASSED
tests/codes/error_codes_test.py::test_can_instantiate_using_error_code__error_wrong_type[other_types6] PASSED
tests/codes/error_codes_test.py::test_can_instantiate_using_error_code__error_wrong_type[other_types7] PASSED
tests/codes/error_codes_test.py::test_can_instantiate_using_error_code__error_wrong_type[other_types8] PASSED
tests/codes/error_codes_test.py::test_membership__str[PIR101] PASSED
tests/codes/error_codes_test.py::test_membership__str[PIR102] PASSED
tests/codes/error_codes_test.py::test_membership__str[PIR103] PASSED
tests/codes/error_codes_test.py::test_membership__str[PIR104] PASSED
tests/codes/error_codes_test.py::test_membership__str[PIR105] PASSED
tests/codes/error_codes_test.py::test_membership__str[PIR106] PASSED
tests/codes/error_codes_test.py::test_membership__str[PIR107] PASSED
tests/codes/error_codes_test.py::test_membership__str[PIR108] PASSED
tests/codes/error_codes_test.py::test_membership__str[PIR109] PASSED
tests/codes/error_codes_test.py::test_membership__str[PIR201] PASSED
tests/codes/error_codes_test.py::test_membership__str[PIR202] PASSED
tests/codes/error_codes_test.py::test_membership__str[PIR203] PASSED
tests/codes/error_codes_test.py::test_membership__str[PIR204] PASSED
tests/codes/error_codes_test.py::test_membership__str[PIR205] PASSED
tests/codes/error_codes_test.py::test_membership__str[PIR206] PASSED
tests/codes/error_codes_test.py::test_membership__str[PIR207] PASSED
tests/codes/error_codes_test.py::test_membership__str[PIR208] PASSED
tests/codes/error_codes_test.py::test_membership__str[PIR209] PASSED
tests/codes/error_codes_test.py::test_membership__str[PIR210] PASSED
tests/codes/error_codes_test.py::test_membership__str[PIR301] PASSED
tests/codes/error_codes_test.py::test_membership__str[PIR302] PASSED
tests/codes/error_codes_test.py::test_membership__str[CIR101] PASSED
tests/codes/error_codes_test.py::test_membership__str[CIR102] PASSED
tests/codes/error_codes_test.py::test_membership__str[CIR103] PASSED
tests/codes/error_codes_test.py::test_membership__str[CIR104] PASSED
tests/codes/error_codes_test.py::test_membership__str[CIR105] PASSED
tests/codes/error_codes_test.py::test_membership__str[CIR106] PASSED
tests/codes/error_codes_test.py::test_membership__str[CIR107] PASSED
tests/codes/error_codes_test.py::test_membership__str[CIR201] PASSED
tests/codes/error_codes_test.py::test_membership__str[CIR202] PASSED
tests/codes/error_codes_test.py::test_membership__str[CIR203] PASSED
tests/codes/error_codes_test.py::test_membership__str[CIR204] PASSED
tests/codes/error_codes_test.py::test_membership__str[CIR205] PASSED
tests/codes/error_codes_test.py::test_membership__str[CIR206] PASSED
tests/codes/error_codes_test.py::test_membership__str[CIR301] PASSED
tests/codes/error_codes_test.py::test_membership__str[CIR302] PASSED
tests/codes/error_codes_test.py::test_membership__str[CIR303] PASSED
tests/codes/error_codes_test.py::test_membership__str[CIR304] PASSED
tests/codes/error_codes_test.py::test_membership__str[CIR401] PASSED
tests/codes/error_codes_test.py::test_membership__str[CIR402] PASSED
tests/codes/error_codes_test.py::test_membership__str[CIR501] PASSED
tests/codes/error_codes_test.py::test_membership__str[CIR502] PASSED
tests/codes/error_codes_test.py::test_membership__error_wrong_code[some_string] PASSED
tests/codes/error_codes_test.py::test_membership__error_wrong_code[] PASSED
tests/codes/error_codes_test.py::test_membership__error_wrong_code[PIR9999] PASSED
tests/codes/error_codes_test.py::test_membership__error_wrong_code[CIR9999] PASSED
tests/codes/error_codes_test.py::test_membership__enum[ErrorCode.PIR101] PASSED
tests/codes/error_codes_test.py::test_membership__enum[ErrorCode.PIR102] PASSED
tests/codes/error_codes_test.py::test_membership__enum[ErrorCode.PIR103] PASSED
tests/codes/error_codes_test.py::test_membership__enum[ErrorCode.PIR104] PASSED
tests/codes/error_codes_test.py::test_membership__enum[ErrorCode.PIR105] PASSED
tests/codes/error_codes_test.py::test_membership__enum[ErrorCode.PIR106] PASSED
tests/codes/error_codes_test.py::test_membership__enum[ErrorCode.PIR107] PASSED
tests/codes/error_codes_test.py::test_membership__enum[ErrorCode.PIR108] PASSED
tests/codes/error_codes_test.py::test_membership__enum[ErrorCode.PIR109] PASSED
tests/codes/error_codes_test.py::test_membership__enum[ErrorCode.PIR201] PASSED
tests/codes/error_codes_test.py::test_membership__enum[ErrorCode.PIR202] PASSED
tests/codes/error_codes_test.py::test_membership__enum[ErrorCode.PIR203] PASSED
tests/codes/error_codes_test.py::test_membership__enum[ErrorCode.PIR204] PASSED
tests/codes/error_codes_test.py::test_membership__enum[ErrorCode.PIR205] PASSED
tests/codes/error_codes_test.py::test_membership__enum[ErrorCode.PIR206] PASSED
tests/codes/error_codes_test.py::test_membership__enum[ErrorCode.PIR207] PASSED
tests/codes/error_codes_test.py::test_membership__enum[ErrorCode.PIR208] PASSED
tests/codes/error_codes_test.py::test_membership__enum[ErrorCode.PIR209] PASSED
tests/codes/error_codes_test.py::test_membership__enum[ErrorCode.PIR210] PASSED
tests/codes/error_codes_test.py::test_membership__enum[ErrorCode.PIR301] PASSED
tests/codes/error_codes_test.py::test_membership__enum[ErrorCode.PIR302] PASSED
tests/codes/error_codes_test.py::test_membership__enum[ErrorCode.CIR101] PASSED
tests/codes/error_codes_test.py::test_membership__enum[ErrorCode.CIR102] PASSED
tests/codes/error_codes_test.py::test_membership__enum[ErrorCode.CIR103] PASSED
tests/codes/error_codes_test.py::test_membership__enum[ErrorCode.CIR104] PASSED
tests/codes/error_codes_test.py::test_membership__enum[ErrorCode.CIR105] PASSED
tests/codes/error_codes_test.py::test_membership__enum[ErrorCode.CIR106] PASSED
tests/codes/error_codes_test.py::test_membership__enum[ErrorCode.CIR107] PASSED
tests/codes/error_codes_test.py::test_membership__enum[ErrorCode.CIR201] PASSED
tests/codes/error_codes_test.py::test_membership__enum[ErrorCode.CIR202] PASSED
tests/codes/error_codes_test.py::test_membership__enum[ErrorCode.CIR203] PASSED
tests/codes/error_codes_test.py::test_membership__enum[ErrorCode.CIR204] PASSED
tests/codes/error_codes_test.py::test_membership__enum[ErrorCode.CIR205] PASSED
tests/codes/error_codes_test.py::test_membership__enum[ErrorCode.CIR206] PASSED
tests/codes/error_codes_test.py::test_membership__enum[ErrorCode.CIR301] PASSED
tests/codes/error_codes_test.py::test_membership__enum[ErrorCode.CIR302] PASSED
tests/codes/error_codes_test.py::test_membership__enum[ErrorCode.CIR303] PASSED
tests/codes/error_codes_test.py::test_membership__enum[ErrorCode.CIR304] PASSED
tests/codes/error_codes_test.py::test_membership__enum[ErrorCode.CIR401] PASSED
tests/codes/error_codes_test.py::test_membership__enum[ErrorCode.CIR402] PASSED
tests/codes/error_codes_test.py::test_membership__enum[ErrorCode.CIR501] PASSED
tests/codes/error_codes_test.py::test_membership__enum[ErrorCode.CIR502] PASSED
tests/codes/error_codes_test.py::test_membership__error_wrong_type[1] PASSED
tests/codes/error_codes_test.py::test_membership__error_wrong_type[2.0] PASSED
tests/codes/error_codes_test.py::test_membership__error_wrong_type[True] PASSED
tests/codes/error_codes_test.py::test_membership__error_wrong_type[False] PASSED
tests/codes/error_codes_test.py::test_membership__error_wrong_type[None] PASSED
tests/codes/error_codes_test.py::test_membership__error_wrong_type[other_types5] PASSED
tests/codes/error_codes_test.py::test_membership__error_wrong_type[other_types6] PASSED
tests/codes/error_codes_test.py::test_membership__error_wrong_type[other_types7] PASSED
tests/codes/error_codes_test.py::test_membership__error_wrong_type[other_types8] PASSED
tests/core/node_visitor_test.py::test_visit_import_simple PASSED
tests/core/node_visitor_test.py::test_visit_import_alias PASSED
tests/core/node_visitor_test.py::test_visit_import_from_simple PASSED
tests/core/node_visitor_test.py::test_visit_import_from_alias PASSED
tests/core/node_visitor_test.py::test_visit_import_from_relative PASSED
tests/core/node_visitor_test.py::test_visit_class_def PASSED
tests/core/node_visitor_test.py::test_visit_class_def_base_class PASSED
tests/core/node_visitor_test.py::test_visit_function_def PASSED
tests/core/node_visitor_test.py::test_visit_import_multiple PASSED
tests/core/node_visitor_test.py::test_visit_import_from_multiple PASSED
tests/core/node_visitor_test.py::test_complex_code PASSED
tests/core/node_visitor_test.py::test_empty_code PASSED
tests/core/node_visitor_test.py::test_aliased_from_import PASSED
tests/core/node_visitor_test.py::test_multiple_imports_same_line PASSED
tests/core/node_visitor_test.py::test_mixture_of_nodes PASSED
tests/core/node_visitor_test.py::test_relative_imports PASSED
tests/core/node_visitor_test.py::test_multiple_from_imports_same_line PASSED
tests/core/node_visitor_test.py::test_multiple_classes_and_functions PASSED
tests/core/node_visitor_test.py::test_nested_classes_and_functions PASSED
tests/core/node_visitor_test.py::test_comments PASSED
tests/core/restricted_import_visitor_test.py::test_get_restricted_identifiers[restricted_imports0-True-expected0] PASSED
tests/core/restricted_import_visitor_test.py::test_get_restricted_identifiers[restricted_imports1-False-expected1] PASSED
tests/core/restricted_import_visitor_test.py::test_get_restricted_identifiers[restricted_imports2-True-expected2] PASSED
tests/core/restricted_import_visitor_test.py::test_restricted_import_visitor[my_second_base_package.module_one.file_one-expected0] PASSED
tests/core/restricted_import_visitor_test.py::test_restricted_import_visitor[my_second_base_package.module_one.file_two-expected1] PASSED
tests/core/restricted_import_visitor_test.py::test_restricted_import_visitor[my_second_base_package.module_two.file_one-expected2] PASSED
tests/core/restricted_import_visitor_test.py::test_restricted_import_visitor[my_second_base_package.module_two.file_two-expected3] PASSED
tests/core/restricted_import_visitor_test.py::test_restricted_import_visitor[my_second_base_package.module_one-expected4] PASSED
tests/core/restricted_import_visitor_test.py::test_restricted_import_visitor[my_second_base_package.module_two-expected5] PASSED
tests/core/restricted_import_visitor_test.py::test_restricted_import_visitor[my_third_base_package-expected6] PASSED
tests/core/restricted_import_visitor_test.py::test_restricted_import_visitor[my_second_base_package-expected7] PASSED
tests/core/restricted_import_visitor_test.py::test_get_restricted_identifiers__import_restrictions[my_second_base_package.module_one.file_one-expected0] PASSED
tests/core/restricted_import_visitor_test.py::test_get_restricted_identifiers__import_restrictions[my_second_base_package.module_one.file_two-expected1] PASSED
tests/core/restricted_import_visitor_test.py::test_get_restricted_identifiers__import_restrictions[my_second_base_package.module_two.file_one-expected2] PASSED
tests/core/restricted_import_visitor_test.py::test_get_restricted_identifiers__import_restrictions[my_second_base_package.module_two.file_two-expected3] PASSED
tests/core/restricted_import_visitor_test.py::test_get_restricted_identifiers__import_restrictions[my_second_base_package.module_one-expected4] PASSED
tests/core/restricted_import_visitor_test.py::test_get_restricted_identifiers__import_restrictions[my_second_base_package.module_two-expected5] PASSED
tests/core/restricted_import_visitor_test.py::test_get_restricted_identifiers__import_restrictions[my_third_base_package-expected6] PASSED
tests/core/restricted_import_visitor_test.py::test_get_restricted_identifiers__import_restrictions[my_second_base_package-expected7] PASSED
tests/core/restricted_import_visitor_test.py::test_get_restricted_identifiers__import_restrictions_two[my_second_base_package-expected0] PASSED
tests/core/restricted_import_visitor_test.py::test_get_restricted_identifiers__import_restrictions_two[my_second_base_package.module_one-expected1] PASSED
tests/core/restricted_import_visitor_test.py::test_get_restricted_identifiers__import_restrictions_two[my_second_base_package.module_one.file_one-expected2] PASSED
tests/core/restricted_import_visitor_test.py::test_get_restricted_identifiers__import_restrictions_two[my_second_base_package.module_one.file_two-expected3] PASSED
tests/core/restricted_import_visitor_test.py::test_get_restricted_identifiers__import_restrictions_two[my_second_base_package.module_two-expected4] PASSED
tests/core/restricted_import_visitor_test.py::test_get_restricted_identifiers__import_restrictions_two[my_second_base_package.module_two.file_one-expected5] PASSED
tests/core/restricted_import_visitor_test.py::test_get_restricted_identifiers__import_restrictions_two[my_second_base_package.module_two.file_two-expected6] PASSED
tests/core/restricted_import_visitor_test.py::test_get_restricted_identifiers__import_restrictions_two[my_second_base_package.file-expected7] PASSED
tests/core/restricted_import_visitor_test.py::test_get_restricted_identifiers__import_restrictions_two[my_base_module-expected8] PASSED
tests/core/restricted_import_visitor_test.py::test_get_restricted_identifiers__import_restrictions_two[my_base_module.module_one-expected9] PASSED
tests/core/restricted_import_visitor_test.py::test_get_restricted_identifiers__import_restrictions_two[my_base_module.module_one.file_one-expected10] PASSED
tests/core/restricted_import_visitor_test.py::test_get_restricted_identifiers__import_restrictions_two[my_base_module.module_one.file_two-expected11] PASSED
tests/core/restricted_import_visitor_test.py::test_get_restricted_identifiers__import_restrictions_two[my_base_module.module_two-expected12] PASSED
tests/core/restricted_import_visitor_test.py::test_get_restricted_identifiers__import_restrictions_two[my_base_module.module_two.file_one-expected13] PASSED
tests/core/restricted_import_visitor_test.py::test_get_restricted_identifiers__import_restrictions_two[my_base_module.module_two.file_two-expected14] PASSED
tests/core/restricted_import_visitor_test.py::test_get_restricted_identifiers__import_restrictions_two[my_base_module.file-expected15] PASSED
tests/core/restricted_import_visitor_test.py::test_get_restricted_identifiers__import_restrictions_two[my_third_base_package-expected16] PASSED
tests/core/restricted_import_visitor_test.py::test_get_restricted_identifiers__import_restrictions_two[my_third_base_package.module_one-expected17] PASSED
tests/core/restricted_import_visitor_test.py::test_get_restricted_identifiers__import_restrictions_two[my_third_base_package.module_one.file_one-expected18] PASSED
tests/core/restricted_import_visitor_test.py::test_get_restricted_identifiers__import_restrictions_two[my_third_base_package.module_one.file_two-expected19] PASSED
tests/core/restricted_import_visitor_test.py::test_get_restricted_identifiers__import_restrictions_two[my_third_base_package.module_two-expected20] PASSED
tests/core/restricted_import_visitor_test.py::test_get_restricted_identifiers__import_restrictions_two[my_third_base_package.module_two.file_one-expected21] PASSED
tests/core/restricted_import_visitor_test.py::test_get_restricted_identifiers__import_restrictions_two[my_third_base_package.module_two.file_two-expected22] PASSED
tests/core/restricted_import_visitor_test.py::test_get_restricted_identifiers__import_restrictions_two[my_third_base_package.file-expected23] PASSED
tests/core/restricted_import_visitor_test.py::test_get_restricted_identifiers__restricted_identifiers[my_second_base_package-expected0] PASSED
tests/core/restricted_import_visitor_test.py::test_get_restricted_identifiers__restricted_identifiers[my_second_base_package.module_one-expected1] PASSED
tests/core/restricted_import_visitor_test.py::test_get_restricted_identifiers__restricted_identifiers[my_second_base_package.module_one.file_one-expected2] PASSED
tests/core/restricted_import_visitor_test.py::test_get_restricted_identifiers__restricted_identifiers[my_second_base_package.module_one.file_two-expected3] PASSED
tests/core/restricted_import_visitor_test.py::test_get_restricted_identifiers__restricted_identifiers[my_second_base_package.module_two-expected4] PASSED
tests/core/restricted_import_visitor_test.py::test_get_restricted_identifiers__restricted_identifiers[my_second_base_package.module_two.file_one-expected5] PASSED
tests/core/restricted_import_visitor_test.py::test_get_restricted_identifiers__restricted_identifiers[my_second_base_package.module_two.file_two-expected6] PASSED
tests/core/restricted_import_visitor_test.py::test_get_restricted_identifiers__restricted_identifiers[my_second_base_package.file-expected7] PASSED
tests/core/restricted_import_visitor_test.py::test_get_restricted_identifiers__restricted_identifiers[my_base_module-expected8] PASSED
tests/core/restricted_import_visitor_test.py::test_get_restricted_identifiers__restricted_identifiers[my_base_module.module_one-expected9] PASSED
tests/core/restricted_import_visitor_test.py::test_get_restricted_identifiers__restricted_identifiers[my_base_module.module_one.file_one-expected10] PASSED
tests/core/restricted_import_visitor_test.py::test_get_restricted_identifiers__restricted_identifiers[my_base_module.module_one.file_two-expected11] PASSED
tests/core/restricted_import_visitor_test.py::test_get_restricted_identifiers__restricted_identifiers[my_base_module.module_two-expected12] PASSED
tests/core/restricted_import_visitor_test.py::test_get_restricted_identifiers__restricted_identifiers[my_base_module.module_two.file_one-expected13] PASSED
tests/core/restricted_import_visitor_test.py::test_get_restricted_identifiers__restricted_identifiers[my_base_module.module_two.file_two-expected14] PASSED
tests/core/restricted_import_visitor_test.py::test_get_restricted_identifiers__restricted_identifiers[my_base_module.file-expected15] PASSED
tests/core/restricted_import_visitor_test.py::test_get_restricted_identifiers__restricted_identifiers[my_third_base_package-expected16] PASSED
tests/core/restricted_import_visitor_test.py::test_get_restricted_identifiers__restricted_identifiers[my_third_base_package.module_one-expected17] PASSED
tests/core/restricted_import_visitor_test.py::test_get_restricted_identifiers__restricted_identifiers[my_third_base_package.module_one.file_one-expected18] PASSED
tests/core/restricted_import_visitor_test.py::test_get_restricted_identifiers__restricted_identifiers[my_third_base_package.module_one.file_two-expected19] PASSED
tests/core/restricted_import_visitor_test.py::test_get_restricted_identifiers__restricted_identifiers[my_third_base_package.module_two-expected20] PASSED
tests/core/restricted_import_visitor_test.py::test_get_restricted_identifiers__restricted_identifiers[my_third_base_package.module_two.file_one-expected21] PASSED
tests/core/restricted_import_visitor_test.py::test_get_restricted_identifiers__restricted_identifiers[my_third_base_package.module_two.file_two-expected22] PASSED
tests/core/restricted_import_visitor_test.py::test_get_restricted_identifiers__restricted_identifiers[my_third_base_package.file-expected23] PASSED
tests/test_cases/noop_test.py::test_noop PASSED
tests/test_cases/custom_import_rules/base_package_test.py::test_base_package_only_imports[example_repos/my_base_module/my_second_base_package/module_three.py-base_package_only_imports0-expected0] PASSED
tests/test_cases/custom_import_rules/base_package_test.py::test_base_package_only_imports[example_repos/my_base_module/my_second_base_package/module_three.py-base_package_only_imports1-expected1] PASSED
tests/test_cases/custom_import_rules/base_package_test.py::test_base_package_only_import_settings_do_not_error PASSED
tests/test_cases/custom_import_rules/first_party_only_test.py::test_first_party_only_imports[example_repos/my_base_module/my_second_base_package/module_three.py-first_party_only_imports0-expected0] PASSED
tests/test_cases/custom_import_rules/first_party_only_test.py::test_first_party_only_imports[example_repos/my_base_module/my_second_base_package/module_three.py-first_party_only_imports1-expected1] PASSED
tests/test_cases/custom_import_rules/first_party_only_test.py::test_first_party_only_import_settings_do_not_error PASSED
tests/test_cases/custom_import_rules/isolated_modules_test.py::test_isolated_modules_imports[example_repos/my_base_module/my_second_base_package/module_three.py-isolated_modules_imports0-expected0] PASSED
tests/test_cases/custom_import_rules/isolated_modules_test.py::test_isolated_modules_imports[example_repos/my_base_module/my_second_base_package/module_three.py-isolated_modules_imports1-expected1] PASSED
tests/test_cases/custom_import_rules/isolated_modules_test.py::test_isolated_modules_import_settings_do_not_error PASSED
tests/test_cases/custom_import_rules/project_only_test.py::test_project_only_imports[example_repos/my_base_module/my_second_base_package/module_three.py-project_only_imports0-expected0] PASSED
tests/test_cases/custom_import_rules/project_only_test.py::test_project_only_imports[example_repos/my_base_module/my_second_base_package/module_three.py-project_only_imports1-expected1] PASSED
tests/test_cases/custom_import_rules/project_only_test.py::test_project_only_import_settings_do_not_error PASSED
tests/test_cases/custom_import_rules/restricted_package_test.py::test_complex_imports[example_repos/my_base_module/my_second_base_package/module_one/file_one.py-my_second_base_package.module_one.file_one-expected_restricted_identifiers0-2] PASSED
tests/test_cases/custom_import_rules/restricted_package_test.py::test_complex_imports[example_repos/my_base_module/my_second_base_package/module_one/file_two.py-my_second_base_package.module_one.file_two-expected_restricted_identifiers1-4] PASSED
tests/test_cases/custom_import_rules/restricted_package_test.py::test_complex_imports[example_repos/my_base_module/my_second_base_package/module_two/file_one.py-my_second_base_package.module_two.file_one-expected_restricted_identifiers2-8] PASSED
tests/test_cases/custom_import_rules/restricted_package_test.py::test_complex_imports[example_repos/my_base_module/my_second_base_package/module_two/file_two.py-my_second_base_package.module_two.file_two-expected_restricted_identifiers3-8] PASSED
tests/test_cases/custom_import_rules/restricted_package_test.py::test_complex_imports[example_repos/my_base_module/my_second_base_package/file.py-my_second_base_package.file-expected_restricted_identifiers4-8] PASSED
tests/test_cases/custom_import_rules/restricted_package_test.py::test_restricted_packages[example_repos/my_base_module/my_second_base_package/module_three.py-restricted_packages0-expected0] PASSED
tests/test_cases/custom_import_rules/restricted_package_test.py::test_restricted_packages[example_repos/my_base_module/my_second_base_package/module_three.py-restricted_packages1-expected1] PASSED
tests/test_cases/custom_import_rules/restricted_package_test.py::test_restricted_packages[example_repos/my_base_module/my_second_base_package/module_three.py-restricted_packages2-expected2] PASSED
tests/test_cases/custom_import_rules/restricted_package_test.py::test_restricted_packages[example_repos/my_base_module/my_second_base_package/module_three.py-restricted_packages3-expected3] PASSED
tests/test_cases/custom_import_rules/restricted_package_test.py::test_restricted_packages[example_repos/my_base_module/my_second_base_package/module_three.py-restricted_packages4-expected4] PASSED
tests/test_cases/custom_import_rules/restricted_package_test.py::test_restricted_packages[example_repos/my_base_module/my_second_base_package/module_three.py-restricted_packages5-expected5] PASSED
tests/test_cases/custom_import_rules/restricted_package_test.py::test_restricted_packages[example_repos/my_base_module/my_second_base_package/module_three.py-restricted_packages6-expected6] PASSED
tests/test_cases/custom_import_rules/restricted_package_test.py::test_restricted_packages[example_repos/my_base_module/my_second_base_package/module_three.py-restricted_packages7-expected7] PASSED
tests/test_cases/custom_import_rules/restricted_package_test.py::test_restricted_import_settings_do_not_error PASSED
tests/test_cases/custom_import_rules/std_lib_only_test.py::test_std_lib_only_imports[example_repos/my_base_module/my_base_module/package_a/module_a.py-std_lib_only_imports0-expected0] PASSED
tests/test_cases/custom_import_rules/std_lib_only_test.py::test_std_lib_only_imports[example_repos/my_base_module/my_base_module/package_a/module_a.py-std_lib_only_imports1-expected1] PASSED
tests/test_cases/custom_import_rules/std_lib_only_test.py::test_std_lib_only_import_settings_do_not_error PASSED
tests/test_cases/custom_import_rules/third_party_only_test.py::test_third_party_only_imports[example_repos/my_base_module/my_base_module/package_a/module_a.py-third_party_only_imports0-expected0] PASSED
tests/test_cases/custom_import_rules/third_party_only_test.py::test_third_party_only_imports[example_repos/my_base_module/my_base_module/package_a/module_a.py-third_party_only_imports1-expected1] PASSED
tests/test_cases/custom_import_rules/third_party_only_test.py::test_third_party_only_imports[example_repos/my_base_module/my_base_module/module_x.py-third_party_only_imports2-expected2] PASSED
tests/test_cases/custom_import_rules/third_party_only_test.py::test_third_party_only_import_settings_do_not_error PASSED
tests/test_cases/project_import_rules/aliased_import_test.py::test_aliased_imports[from module_z import Z as Zee-expected0-True] PASSED
tests/test_cases/project_import_rules/aliased_import_test.py::test_aliased_imports[from module_z import Z as Zee-expected1-False] PASSED
tests/test_cases/project_import_rules/aliased_import_test.py::test_aliased_imports[import numpy as np-expected2-True] PASSED
tests/test_cases/project_import_rules/aliased_import_test.py::test_aliased_imports[import numpy as np-expected3-False] PASSED
tests/test_cases/project_import_rules/aliased_import_test.py::test_aliased_imports[import pandas as pd-expected4-True] PASSED
tests/test_cases/project_import_rules/aliased_import_test.py::test_aliased_imports[import pandas as pd-expected5-False] PASSED
tests/test_cases/project_import_rules/aliased_import_test.py::test_aliased_import_settings_do_not_error[True] PASSED
tests/test_cases/project_import_rules/aliased_import_test.py::test_aliased_import_settings_do_not_error[False] PASSED
tests/test_cases/project_import_rules/conditional_import_test.py::test_conditional_imports[\nimport sys\n\nif sys.version_info < (3, 8):\n    import importlib_metadata\nelse:\n    import importlib.metadata as importlib_metadata\n-expected0-True] PASSED
tests/test_cases/project_import_rules/conditional_import_test.py::test_conditional_imports[\nimport sys\n\nif sys.version_info < (3, 8):\n    import importlib_metadata\nelse:\n    import importlib.metadata as importlib_metadata\n-expected1-False] PASSED
tests/test_cases/project_import_rules/conditional_import_test.py::test_conditional_import_settings_do_not_error[True] PASSED
tests/test_cases/project_import_rules/conditional_import_test.py::test_conditional_import_settings_do_not_error[False] PASSED
tests/test_cases/project_import_rules/dynamic_imports_test.py::test_dynamic_imports[eval('from my_base_module.module_z import Z')-expected0-True] PASSED
tests/test_cases/project_import_rules/dynamic_imports_test.py::test_dynamic_imports[eval('from my_base_module.module_z import Z')-expected1-False] PASSED
tests/test_cases/project_import_rules/dynamic_imports_test.py::test_dynamic_imports[exec('import datetime')-expected2-True] PASSED
tests/test_cases/project_import_rules/dynamic_imports_test.py::test_dynamic_imports[exec('import datetime')-expected3-False] PASSED
tests/test_cases/project_import_rules/dynamic_imports_test.py::test_dynamic_imports[import importlib; importlib.import_module('datetime')-expected4-True] PASSED
tests/test_cases/project_import_rules/dynamic_imports_test.py::test_dynamic_imports[import importlib; importlib.import_module('datetime')-expected5-False] PASSED
tests/test_cases/project_import_rules/dynamic_imports_test.py::test_dynamic_imports[from importlib import import_module; importlib.import_module('datetime')-expected6-True] PASSED
tests/test_cases/project_import_rules/dynamic_imports_test.py::test_dynamic_imports[from importlib import import_module; importlib.import_module('datetime')-expected7-False] PASSED
tests/test_cases/project_import_rules/dynamic_imports_test.py::test_dynamic_imports[from sys import modules; dynamic_datetime = modules['datetime']-expected8-True] PASSED
tests/test_cases/project_import_rules/dynamic_imports_test.py::test_dynamic_imports[import sys; dynamic_datetime = sys.modules['datetime']-expected9-False] PASSED
tests/test_cases/project_import_rules/dynamic_imports_test.py::test_dynamic_imports[import sys; dynamic_datetime = sys.modules['datetime']-expected10-True] PASSED
tests/test_cases/project_import_rules/dynamic_imports_test.py::test_dynamic_imports[import sys; dynamic_datetime = sys.modules['datetime']-expected11-False] PASSED
tests/test_cases/project_import_rules/dynamic_imports_test.py::test_dynamic_imports[from zipimport import zipimporter; zipimporter = zipimporter('my_module.zip'); my_module = zipimporter.load_module('my_module')-expected12-True] PASSED
tests/test_cases/project_import_rules/dynamic_imports_test.py::test_dynamic_imports[from zipimport import zipimporter; zipimporter = zipimporter('my_module.zip'); my_module = zipimporter.load_module('my_module')-expected13-False] PASSED
tests/test_cases/project_import_rules/dynamic_imports_test.py::test_dynamic_import_settings_do_not_error[True] PASSED
tests/test_cases/project_import_rules/dynamic_imports_test.py::test_dynamic_import_settings_do_not_error[False] PASSED
tests/test_cases/project_import_rules/future_import_test.py::test_future_imports[import __future__-expected0-True] PASSED
tests/test_cases/project_import_rules/future_import_test.py::test_future_imports[import __future__-expected1-False] PASSED
tests/test_cases/project_import_rules/future_import_test.py::test_future_imports[from __future__ import annotations-expected2-True] PASSED
tests/test_cases/project_import_rules/future_import_test.py::test_future_imports[from __future__ import annotations-expected3-False] PASSED
tests/test_cases/project_import_rules/future_import_test.py::test_main_import_settings_do_not_error[True] PASSED
tests/test_cases/project_import_rules/future_import_test.py::test_main_import_settings_do_not_error[False] PASSED
tests/test_cases/project_import_rules/init_imports_test.py::test_init_import_codes[import __init__; from .module_a import A-expected0-True] PASSED
tests/test_cases/project_import_rules/init_imports_test.py::test_init_import_codes[import __init__; from .module_a import A-expected1-False] PASSED
tests/test_cases/project_import_rules/init_imports_test.py::test_init_import_codes[from . import __init__; from .module_a import A-expected2-True] PASSED
tests/test_cases/project_import_rules/init_imports_test.py::test_init_import_codes[from . import __init__; from .module_a import A-expected3-False] PASSED
tests/test_cases/project_import_rules/init_imports_test.py::test_init_import_codes[from __init__ import module; from .module_a import A-expected4-True] PASSED
tests/test_cases/project_import_rules/init_imports_test.py::test_init_import_codes[from __init__ import module; from .module_a import A-expected5-False] PASSED
tests/test_cases/project_import_rules/init_imports_test.py::test_init_import_settings_do_not_error[True] PASSED
tests/test_cases/project_import_rules/init_imports_test.py::test_init_import_settings_do_not_error[False] PASSED
tests/test_cases/project_import_rules/local_import_test.py::test_local_imports[\nimport os\n\ndef func():\n    import os\n\nasync def async_func():\n    from math import sqrt\n\nclass MyClass:\n    import sys\n-expected0-True] PASSED
tests/test_cases/project_import_rules/local_import_test.py::test_local_imports[\nimport os\n\ndef func():\n    import os\n\nasync def async_func():\n    from math import sqrt\n\nclass MyClass:\n    import sys\n-expected1-False] PASSED
tests/test_cases/project_import_rules/local_import_test.py::test_local_import_settings_do_not_error[True] PASSED
tests/test_cases/project_import_rules/local_import_test.py::test_local_import_settings_do_not_error[False] PASSED
tests/test_cases/project_import_rules/main_imports_test.py::test_main_imports[\nimport __main__\nimport main_module\nimport module\n\nfrom module import main_function\nfrom . import __main__\nfrom __main__ import module\n-expected0-True] PASSED
tests/test_cases/project_import_rules/main_imports_test.py::test_main_imports[\nimport __main__\nimport main_module\nimport module\n\nfrom module import main_function\nfrom . import __main__\nfrom __main__ import module\n-expected1-False] PASSED
tests/test_cases/project_import_rules/main_imports_test.py::test_main_imports[import __main__-expected2-True] PASSED
tests/test_cases/project_import_rules/main_imports_test.py::test_main_imports[import __main__  # noqa-expected3-True] PASSED
tests/test_cases/project_import_rules/main_imports_test.py::test_main_imports[import __main__  # NOQA-expected4-True] PASSED
tests/test_cases/project_import_rules/main_imports_test.py::test_main_imports[import __main__  # noqa: PIR210-expected5-True] PASSED
tests/test_cases/project_import_rules/main_imports_test.py::test_main_imports[import __main__  # noqa: PIR209-expected6-True] PASSED
tests/test_cases/project_import_rules/main_imports_test.py::test_main_imports[import __main__  # noqa: PIR209, PIR210-expected7-True] PASSED
tests/test_cases/project_import_rules/main_imports_test.py::test_main_imports[import __main__  # noqa: PIR209,PIR210-expected8-True] PASSED
tests/test_cases/project_import_rules/main_imports_test.py::test_main_imports[import __main__  # NOQA: PIR209-expected9-True] PASSED
tests/test_cases/project_import_rules/main_imports_test.py::test_main_imports[import __main__  # NOQA:PIR209-expected10-True] PASSED
tests/test_cases/project_import_rules/main_imports_test.py::test_main_imports[import __main__  # NOQA: PIR209, PIR210-expected11-True] PASSED
tests/test_cases/project_import_rules/main_imports_test.py::test_main_imports[import __main__  # NOQA: PIR209,PIR210-expected12-True] PASSED
tests/test_cases/project_import_rules/main_imports_test.py::test_main_import_settings_do_not_error[True] PASSED
tests/test_cases/project_import_rules/main_imports_test.py::test_main_import_settings_do_not_error[False] PASSED
tests/test_cases/project_import_rules/private_import_test.py::test_private_imports[\nimport _private_module\nimport module\n\nfrom _private_module import function\nfrom _private_module import _private_function, second_function\nfrom module import _private_function\nfrom module._private_module import function\n-expected0-True] PASSED
tests/test_cases/project_import_rules/private_import_test.py::test_private_imports[\nimport _private_module\nimport module\n\nfrom _private_module import function\nfrom _private_module import _private_function, second_function\nfrom module import _private_function\nfrom module._private_module import function\n-expected1-False] PASSED
tests/test_cases/project_import_rules/private_import_test.py::test_private_import_settings_do_not_error[True] PASSED
tests/test_cases/project_import_rules/private_import_test.py::test_private_import_settings_do_not_error[False] PASSED
tests/test_cases/project_import_rules/relative_imports_test.py::test_relative_imports[from .module_z import Z-expected0-True] PASSED
tests/test_cases/project_import_rules/relative_imports_test.py::test_relative_imports[from .module_z import Z-expected1-False] PASSED
tests/test_cases/project_import_rules/relative_imports_test.py::test_relative_imports[from . import module_z-expected2-True] PASSED
tests/test_cases/project_import_rules/relative_imports_test.py::test_relative_imports[from . import module_z-expected3-False] PASSED
tests/test_cases/project_import_rules/relative_imports_test.py::test_relative_imports[from ..module_z import Z-expected4-True] PASSED
tests/test_cases/project_import_rules/relative_imports_test.py::test_relative_imports[from ..module_z import Z-expected5-False] PASSED
tests/test_cases/project_import_rules/relative_imports_test.py::test_relative_import_settings_do_not_error[True] PASSED
tests/test_cases/project_import_rules/relative_imports_test.py::test_relative_import_settings_do_not_error[False] PASSED
tests/test_cases/project_import_rules/tests_import_test.py::test_test_imports[\nimport test_module\nimport module\nimport conftest\nimport tests\n\nfrom test_module import function\nfrom test_module import test_function, second_function\nfrom module import test_function\nfrom module.test_module import another_function\nfrom tests.test_module import and_another_function\nfrom conftest import a_fixture\nfrom conftest import test_function\n-expected0-True] PASSED
tests/test_cases/project_import_rules/tests_import_test.py::test_test_imports[from conftest import function_test; from module_test import conftest-expected1-True] PASSED
tests/test_cases/project_import_rules/tests_import_test.py::test_test_imports[\nimport test_module\nimport module\nimport conftest\nimport tests\n\nfrom test_module import function\nfrom test_module import test_function, second_function\nfrom module import test_function\nfrom module.test_module import another_function\nfrom tests.test_module import and_another_function\nfrom conftest import a_fixture\nfrom conftest import test_function\n-expected2-False] PASSED
tests/test_cases/project_import_rules/tests_import_test.py::test_test_import_settings_do_not_error[True] PASSED
tests/test_cases/project_import_rules/tests_import_test.py::test_test_import_settings_do_not_error[False] PASSED
tests/test_cases/project_import_rules/top_level_only_test.py::test_private_imports[\nimport _private_module\nimport module\n\nfrom _private_module import function\nfrom _private_module import _private_function, second_function\nfrom module import _private_function\nfrom module._private_module import function\n-expected0-True] PASSED
tests/test_cases/project_import_rules/top_level_only_test.py::test_private_imports[\nimport _private_module\nimport module\n\nfrom _private_module import function\nfrom _private_module import _private_function, second_function\nfrom module import _private_function\nfrom module._private_module import function\n-expected1-False] PASSED
tests/test_cases/project_import_rules/top_level_only_test.py::test_private_import_settings_do_not_error[True] PASSED
tests/test_cases/project_import_rules/top_level_only_test.py::test_private_import_settings_do_not_error[False] PASSED
tests/test_cases/project_import_rules/wildcard_imports_test.py::test_star_imports[from my_base_module.module_z import *-expected0-True] PASSED
tests/test_cases/project_import_rules/wildcard_imports_test.py::test_star_imports[from my_base_module.module_z import *-expected1-False] PASSED
tests/test_cases/project_import_rules/wildcard_imports_test.py::test_wildcard_import_settings_do_not_error[True] PASSED
tests/test_cases/project_import_rules/wildcard_imports_test.py::test_wildcard_import_settings_do_not_error[False] PASSED
tests/utils/file_utils_test.py::test_get_file_path_from_module_name[my_second_base_package.module_one-example_repos/my_base_module/my_second_base_package/module_one/__init__.py] PASSED
tests/utils/file_utils_test.py::test_get_file_path_from_module_name[my_second_base_package.module_two-example_repos/my_base_module/my_second_base_package/module_two/__init__.py] PASSED
tests/utils/file_utils_test.py::test_get_file_path_from_module_name[my_second_base_package.module_three-example_repos/my_base_module/my_second_base_package/module_three.py] PASSED
tests/utils/file_utils_test.py::test_get_file_path_from_module_name[my_second_base_package.module_one.file_one-example_repos/my_base_module/my_second_base_package/module_one/file_one.py] PASSED
tests/utils/file_utils_test.py::test_get_file_path_from_module_name[my_second_base_package.module_one.file_two-example_repos/my_base_module/my_second_base_package/module_one/file_two.py] PASSED
tests/utils/file_utils_test.py::test_get_file_path_from_module_name[my_second_base_package.module_two.file_two-example_repos/my_base_module/my_second_base_package/module_two/file_two.py] PASSED
tests/utils/file_utils_test.py::test_get_file_path_from_module_name[my_second_base_package.file-example_repos/my_base_module/my_second_base_package/file.py] PASSED
tests/utils/file_utils_test.py::test_get_file_path_from_module_name[base_package.file-None] PASSED
tests/utils/node_utils_test.py::test_check_private_module_import[module-False] PASSED
tests/utils/node_utils_test.py::test_check_private_module_import[module.submodule-False] PASSED
tests/utils/node_utils_test.py::test_check_private_module_import[module._submodule-True] PASSED
tests/utils/node_utils_test.py::test_check_private_module_import[_module-True] PASSED
tests/utils/node_utils_test.py::test_check_private_module_import[__main__-False] PASSED
tests/utils/node_utils_test.py::test_get_module_info_from_import_node PASSED
tests/utils/node_utils_test.py::test_get_name_info_from_import_node PASSED
tests/utils/parse_utils_test.py::test_parse_module_string[foo-None-None-None-.-expected0] PASSED
tests/utils/parse_utils_test.py::test_parse_module_string[foo.and.bar-None-fo-biz-.-expected1] PASSED
tests/utils/parse_utils_test.py::test_parse_module_string[foo.and.bar-and-fo-biz-.-expected2] PASSED
tests/utils/parse_utils_test.py::test_parse_module_string[foo.and.bar-None-None-bar-.-expected3] PASSED
tests/utils/parse_utils_test.py::test_parse_module_string[foo.and.bar-None-None-None-.-expected4] PASSED
tests/utils/parse_utils_test.py::test_parse_module_string[foo.and.bar.and.baz-substring_match5-None-None-.-expected5] PASSED
tests/utils/parse_utils_test.py::test_parse_module_string[foo.and.bar.and.baz-and-None-None-.-expected6] PASSED
tests/utils/parse_utils_test.py::test_parse_module_string[foo,and,bar,and,baz-and-None-None-,-expected7] PASSED
tests/utils/parse_utils_test.py::test_check_string[foo-None-None-None-.-False] PASSED
tests/utils/parse_utils_test.py::test_check_string[foo.and.bar-None-fo-biz-.-True] PASSED
tests/utils/parse_utils_test.py::test_check_string[foo.and.bar-and-fo-biz-.-True] PASSED
tests/utils/parse_utils_test.py::test_check_string[foo.and.bar-None-None-bar-.-True] PASSED
tests/utils/parse_utils_test.py::test_check_string[foo.and.bar-None-None-None-.-False] PASSED
tests/utils/parse_utils_test.py::test_check_string[foo.and.bar.and.baz-substring_match5-None-None-.-True] PASSED
tests/utils/parse_utils_test.py::test_check_string[foo.and.bar.and.baz-and-None-None-.-True] PASSED
tests/utils/parse_utils_test.py::test_check_string[foo,and,bar,and,baz-and-None-None-,-True] PASSED
tests/utils/parse_utils_test.py::test_check_string[eval-substring_match8-None-None-.-True] PASSED
tests/utils/parse_utils_test.py::test_check_string[strings_to_check9-substring_match9-None-None-.-True] PASSED
tests/utils/parse_utils_test.py::test_check_string[exec-substring_match10-None-None-.-True] PASSED
tests/utils/parse_utils_test.py::test_check_string[strings_to_check11-substring_match11-None-None-.-True] PASSED
tests/utils/parse_utils_test.py::test_check_string[os-substring_match12-None-None-.-False] PASSED
tests/utils/parse_utils_test.py::test_check_string[strings_to_check13-substring_match13-None-None-.-False] PASSED
tests/utils/parse_utils_test.py::test_check_string[__init__-__init__-None-None-.-True] PASSED
tests/utils/parse_utils_test.py::test_check_string[strings_to_check15-__init__-None-None-.-True] PASSED
tests/utils/parse_utils_test.py::test_check_string[__main__-__main__-None-None-.-True] PASSED
tests/utils/parse_utils_test.py::test_check_string[strings_to_check17-__main__-None-None-.-True] PASSED
tests/utils/parse_utils_test.py::test_check_string[__future__-__future__-None-None-.-True] PASSED
tests/utils/parse_utils_test.py::test_check_string[strings_to_check19-__future__-None-None-.-True] PASSED
tests/utils/parse_utils_test.py::test_does_file_match_custom_rule[my_base_package.package_c-custom_rules0-False] PASSED
tests/utils/parse_utils_test.py::test_does_file_match_custom_rule[my_base_package.package_a-custom_rules1-True] PASSED
tests/utils/parse_utils_test.py::test_does_file_match_custom_rule[my_base_package.package_a.mod_a-custom_rules2-True] PASSED
tests/utils/parse_utils_test.py::test_does_file_match_custom_rule[my_base_package.package_c-custom_rules3-True] PASSED
tests/utils/parse_utils_test.py::test_does_file_match_custom_rule[my_base_package.package_a-custom_rules4-False] PASSED
tests/utils/parse_utils_test.py::test_does_file_match_custom_rule[my_base_package.package_a.mod_a-custom_rules5-False] PASSED
tests/utils/parse_utils_test.py::test_does_file_match_custom_rule[my_base_package.package_c-custom_rules6-True] PASSED
tests/utils/parse_utils_test.py::test_does_file_match_custom_rule[my_base_package.package_a-custom_rules7-True] PASSED
tests/utils/parse_utils_test.py::test_does_file_match_custom_rule[my_base_package.package_a.mod_a-custom_rules8-True] PASSED
tests/utils/parse_utils_test.py::test_does_file_match_custom_rule[my_base_package.package_c-custom_rules9-False] PASSED
tests/utils/parse_utils_test.py::test_does_file_match_custom_rule[my_base_package.package_a-custom_rules10-False] PASSED
tests/utils/parse_utils_test.py::test_does_file_match_custom_rule[my_base_package.package_a.mod_a-custom_rules11-False] PASSED
tests/utils/parse_utils_test.py::test_does_file_match_custom_rule[my_base_package.package_c-custom_rules12-False] PASSED
tests/utils/parse_utils_test.py::test_does_file_match_custom_rule[my_base_package.package_a-custom_rules13-False] PASSED
tests/utils/parse_utils_test.py::test_does_file_match_custom_rule[my_base_package.package_a.mod_a-custom_rules14-True] PASSED
tests/utils/parse_utils_test.py::test_does_import_match_restricted_imports[my_second_base_package.module_one.file_one-restricted_imports0-True] PASSED
tests/utils/parse_utils_test.py::test_does_import_match_restricted_imports[my_second_base_package.module_one.file_two-restricted_imports1-True] PASSED
tests/utils/parse_utils_test.py::test_does_import_match_restricted_imports[my_second_base_package.module_one.file_three-restricted_imports2-True] PASSED
tests/utils/parse_utils_test.py::test_does_import_match_restricted_imports[my_second_base_package.module_two.file_one-restricted_imports3-True] PASSED
tests/utils/parse_utils_test.py::test_does_import_match_restricted_imports[my_second_base_package.module_two.file_two-restricted_imports4-True] PASSED
tests/utils/parse_utils_test.py::test_does_import_match_restricted_imports[my_second_base_package.module_two.file_three-restricted_imports5-True] PASSED
tests/utils/parse_utils_test.py::test_does_import_match_restricted_imports[my_second_base_package.file-restricted_imports6-True] PASSED
tests/utils/parse_utils_test.py::test_does_import_match_restricted_imports[base_package.file-restricted_imports7-False] PASSED
tests/utils/parse_utils_test.py::test_does_import_match_restricted_imports[my_third_base_package.file-restricted_imports8-True] PASSED
tests/utils/parse_utils_test.py::test_retrieve_custom_rule_matches[my_second_base_package.module_one.file_one-custom_rules0-expected0] PASSED
tests/utils/parse_utils_test.py::test_retrieve_custom_rule_matches[my_second_base_package.module_one.file_two-custom_rules1-expected1] PASSED
tests/utils/parse_utils_test.py::test_retrieve_custom_rule_matches[my_second_base_package.module_two.file_one-custom_rules2-expected2] PASSED
tests/utils/parse_utils_test.py::test_retrieve_custom_rule_matches[my_second_base_package.module_two.file_two-custom_rules3-expected3] PASSED
tests/utils/parse_utils_test.py::test_retrieve_custom_rule_matches[my_second_base_package.file-custom_rules4-expected4] PASSED
tests/utils/parse_utils_test.py::test_retrieve_custom_rule_matches[base_package.file-custom_rules5-expected5] PASSED

-------------------------------- generated xml file: /Users/rodrigogonzalez/workspace/flake8-custom-import-rules/pytest.xml ---------------------------------

---------- coverage: platform darwin, python 3.11.4-final-0 ----------
Name                                                               Stmts   Miss Branch BrPart  Cover   Missing
--------------------------------------------------------------------------------------------------------------
src/flake8_custom_import_rules/__init__.py                             3      1      0      0    67%   6
src/flake8_custom_import_rules/codes/error_codes.py                  124      4     58      1    97%   127, 142, 147, 175
src/flake8_custom_import_rules/core/import_rules.py                  358     17    178      9    93%   52-53, 68-69, 82->exit, 146->exit, 337-338, 342-343, 347-348, 352-353, 357-358, 506-507, 518->exit, 523->exit, 541, 552->exit, 586->exit
src/flake8_custom_import_rules/core/node_visitor.py                  204      7     60      1    97%   118, 126, 324-330
src/flake8_custom_import_rules/core/restricted_import_visitor.py      75      9     26      2    85%   117, 138, 187-198, 257
src/flake8_custom_import_rules/core/rules_checker.py                 118      7     56      4    93%   45-49, 53, 56, 148
src/flake8_custom_import_rules/defaults.py                            97      9     40      3    90%   160, 325->333, 337, 360-367
src/flake8_custom_import_rules/flake8_plugin.py                       48      0      8      1    98%   104->102
src/flake8_custom_import_rules/utils/file_utils.py                    50      7     24      6    80%   26-33, 57, 103->106, 106->109, 133->135, 206, 208
src/flake8_custom_import_rules/utils/node_utils.py                    61      9     30      0    86%   201-231
src/flake8_custom_import_rules/utils/parse_utils.py                   44      5     30      4    82%   28, 135, 145, 154, 160
--------------------------------------------------------------------------------------------------------------
TOTAL                                                               1317     75    536     31    93%

6 files skipped due to complete coverage.
Coverage HTML written to dir htmlcov

Required test coverage of 80% reached. Total coverage: 92.66%
==================================================================== 720 passed in 2.63s ====================================================================
